-- The C compiler identification is GNU 11.4.0
-- The CXX compiler identification is GNU 11.4.0
-- Detecting C compiler ABI info
-- Detecting C compiler ABI info - done
-- Check for working C compiler: /usr/bin/cc - skipped
-- Detecting C compile features
-- Detecting C compile features - done
-- Detecting CXX compiler ABI info
-- Detecting CXX compiler ABI info - done
-- Check for working CXX compiler: /usr/bin/c++ - skipped
-- Detecting CXX compile features
-- Detecting CXX compile features - done
-- Found ament_cmake: 0.9.8 (/usr/local/MATLAB/R2023a/sys/ros2/glnxa64/ros2/share/ament_cmake/cmake)
-- Found PythonInterp: /home/humble/.matlab/R2023a/ros2/glnxa64/venv/bin/python3 (found suitable version "3.9.17", minimum required is "3") 
-- Using PYTHON_EXECUTABLE: /home/humble/.matlab/R2023a/ros2/glnxa64/venv/bin/python3
-- Found ament_cmake_ros: 0.9.2 (/usr/local/MATLAB/R2023a/sys/ros2/glnxa64/ros2/share/ament_cmake_ros/cmake)
-- Found rosidl_typesupport_c: 1.0.2 (/usr/local/MATLAB/R2023a/sys/ros2/glnxa64/ros2/share/rosidl_typesupport_c/cmake)
-- Using all available rosidl_typesupport_c: rosidl_typesupport_fastrtps_c;rosidl_typesupport_introspection_c
-- Found rosidl_adapter: 1.2.1 (/usr/local/MATLAB/R2023a/sys/ros2/glnxa64/ros2/share/rosidl_adapter/cmake)
-- Found FastRTPS: /usr/local/MATLAB/R2023a/sys/ros2/glnxa64/ros2/include  
-- Found rosidl_typesupport_cpp: 1.0.2 (/usr/local/MATLAB/R2023a/sys/ros2/glnxa64/ros2/share/rosidl_typesupport_cpp/cmake)
-- Using all available rosidl_typesupport_cpp: rosidl_typesupport_fastrtps_cpp;rosidl_typesupport_introspection_cpp
-- Found rosidl_default_generators: 1.0.1 (/usr/local/MATLAB/R2023a/sys/ros2/glnxa64/ros2/share/rosidl_default_generators/cmake)
-- Found class_loader: 2.0.2 (/usr/local/MATLAB/R2023a/sys/ros2/glnxa64/ros2/share/class_loader/cmake)
-- Found rclcpp: 2.3.1 (/usr/local/MATLAB/R2023a/sys/ros2/glnxa64/ros2/share/rclcpp/cmake)
-- Found rmw_implementation_cmake: 1.0.3 (/usr/local/MATLAB/R2023a/sys/ros2/glnxa64/ros2/share/rmw_implementation_cmake/cmake)
-- Using RMW implementation 'rmw_fastrtps_cpp' as default
-- Looking for pthread.h
-- Looking for pthread.h - found
-- Performing Test CMAKE_HAVE_LIBC_PTHREAD
-- Performing Test CMAKE_HAVE_LIBC_PTHREAD - Success
-- Found Threads: TRUE  
-- Found PythonInterp: /home/humble/.matlab/R2023a/ros2/glnxa64/venv/bin/python3 (found version "3.9.17") 
-- Using all available rosidl_typesupport_c: rosidl_typesupport_fastrtps_c;rosidl_typesupport_introspection_c
-- Using all available rosidl_typesupport_cpp: rosidl_typesupport_fastrtps_cpp;rosidl_typesupport_introspection_cpp
-- Configuring done
-- Generating done
-- Build files have been written to: /home/pranav/Workspace/ITSP/rover_ws/src/matlab_msg_gen/glnxa64/build/serial_motor_demo_msgs
[1/48] Generating C++ code for ROS interfaces
[2/48] Generating C code for ROS interfaces
[3/48] Building C object CMakeFiles/serial_motor_demo_msgs__rosidl_generator_c.dir/rosidl_generator_c/serial_motor_demo_msgs/msg/detail/encoder_vals__functions.c.o
[4/48] Building C object CMakeFiles/serial_motor_demo_msgs__rosidl_generator_c.dir/rosidl_generator_c/serial_motor_demo_msgs/msg/detail/motor_vels__functions.c.o
[5/48] Building C object CMakeFiles/serial_motor_demo_msgs__rosidl_generator_c.dir/rosidl_generator_c/serial_motor_demo_msgs/msg/detail/rover_pose__functions.c.o
[6/48] Building C object CMakeFiles/serial_motor_demo_msgs__rosidl_generator_c.dir/rosidl_generator_c/serial_motor_demo_msgs/msg/detail/motor_command__functions.c.o
[7/48] Linking C shared library libserial_motor_demo_msgs__rosidl_generator_c.so
[8/48] Generating C++ type support dispatch for ROS interfaces
[9/48] Generating C++ introspection for ROS interfaces
[10/48] Generating C++ type support for eProsima Fast-RTPS
[11/48] Generating C type support dispatch for ROS interfaces
[12/48] Building CXX object CMakeFiles/serial_motor_demo_msgs__rosidl_typesupport_c.dir/rosidl_typesupport_c/serial_motor_demo_msgs/msg/encoder_vals__type_support.cpp.o
[13/48] Generating C introspection for ROS interfaces
[14/48] Building CXX object CMakeFiles/serial_motor_demo_msgs__rosidl_typesupport_c.dir/rosidl_typesupport_c/serial_motor_demo_msgs/msg/motor_command__type_support.cpp.o
[15/48] Building CXX object CMakeFiles/serial_motor_demo_msgs__rosidl_typesupport_c.dir/rosidl_typesupport_c/serial_motor_demo_msgs/msg/motor_vels__type_support.cpp.o
[16/48] Building CXX object CMakeFiles/serial_motor_demo_msgs__rosidl_typesupport_c.dir/rosidl_typesupport_c/serial_motor_demo_msgs/msg/rover_pose__type_support.cpp.o
[17/48] Building C object CMakeFiles/serial_motor_demo_msgs__rosidl_typesupport_introspection_c.dir/rosidl_typesupport_introspection_c/serial_motor_demo_msgs/msg/detail/motor_command__type_support.c.o
[18/48] Building C object CMakeFiles/serial_motor_demo_msgs__rosidl_typesupport_introspection_c.dir/rosidl_typesupport_introspection_c/serial_motor_demo_msgs/msg/detail/encoder_vals__type_support.c.o
[19/48] Building C object CMakeFiles/serial_motor_demo_msgs__rosidl_typesupport_introspection_c.dir/rosidl_typesupport_introspection_c/serial_motor_demo_msgs/msg/detail/motor_vels__type_support.c.o
[20/48] Building C object CMakeFiles/serial_motor_demo_msgs__rosidl_typesupport_introspection_c.dir/rosidl_typesupport_introspection_c/serial_motor_demo_msgs/msg/detail/rover_pose__type_support.c.o
[21/48] Linking C shared library libserial_motor_demo_msgs__rosidl_typesupport_introspection_c.so
[22/48] Building CXX object CMakeFiles/serial_motor_demo_msgs__rosidl_typesupport_cpp.dir/rosidl_typesupport_cpp/serial_motor_demo_msgs/msg/rover_pose__type_support.cpp.o
[23/48] Building CXX object CMakeFiles/serial_motor_demo_msgs__rosidl_typesupport_cpp.dir/rosidl_typesupport_cpp/serial_motor_demo_msgs/msg/motor_command__type_support.cpp.o
[24/48] Building CXX object CMakeFiles/serial_motor_demo_msgs__rosidl_typesupport_cpp.dir/rosidl_typesupport_cpp/serial_motor_demo_msgs/msg/motor_vels__type_support.cpp.o
[25/48] Building CXX object CMakeFiles/serial_motor_demo_msgs__rosidl_typesupport_cpp.dir/rosidl_typesupport_cpp/serial_motor_demo_msgs/msg/encoder_vals__type_support.cpp.o
[26/48] Linking CXX shared library libserial_motor_demo_msgs__rosidl_typesupport_c.so
[27/48] Building CXX object CMakeFiles/serial_motor_demo_msgs__rosidl_typesupport_introspection_cpp.dir/rosidl_typesupport_introspection_cpp/serial_motor_demo_msgs/msg/detail/motor_vels__type_support.cpp.o
[28/48] Building CXX object CMakeFiles/serial_motor_demo_msgs__rosidl_typesupport_introspection_cpp.dir/rosidl_typesupport_introspection_cpp/serial_motor_demo_msgs/msg/detail/motor_command__type_support.cpp.o
[29/48] Building CXX object CMakeFiles/serial_motor_demo_msgs__rosidl_typesupport_introspection_cpp.dir/rosidl_typesupport_introspection_cpp/serial_motor_demo_msgs/msg/detail/encoder_vals__type_support.cpp.o
[30/48] Building CXX object CMakeFiles/serial_motor_demo_msgs__rosidl_typesupport_introspection_cpp.dir/rosidl_typesupport_introspection_cpp/serial_motor_demo_msgs/msg/detail/rover_pose__type_support.cpp.o
[31/48] Linking CXX shared library libserial_motor_demo_msgs__rosidl_typesupport_cpp.so
[32/48] Linking CXX shared library libserial_motor_demo_msgs__rosidl_typesupport_introspection_cpp.so
[33/48] Building CXX object CMakeFiles/serial_motor_demo_msgs__rosidl_typesupport_fastrtps_cpp.dir/rosidl_typesupport_fastrtps_cpp/serial_motor_demo_msgs/msg/detail/dds_fastrtps/rover_pose__type_support.cpp.o
[34/48] Building CXX object CMakeFiles/serial_motor_demo_msgs__rosidl_typesupport_fastrtps_cpp.dir/rosidl_typesupport_fastrtps_cpp/serial_motor_demo_msgs/msg/detail/dds_fastrtps/motor_command__type_support.cpp.o
[35/48] Building CXX object CMakeFiles/serial_motor_demo_msgs__rosidl_typesupport_fastrtps_cpp.dir/rosidl_typesupport_fastrtps_cpp/serial_motor_demo_msgs/msg/detail/dds_fastrtps/encoder_vals__type_support.cpp.o
[36/48] Building CXX object CMakeFiles/serial_motor_demo_msgs__rosidl_typesupport_fastrtps_cpp.dir/rosidl_typesupport_fastrtps_cpp/serial_motor_demo_msgs/msg/detail/dds_fastrtps/motor_vels__type_support.cpp.o
[37/48] Linking CXX shared library libserial_motor_demo_msgs__rosidl_typesupport_fastrtps_cpp.so
[38/48] Generating C type support for eProsima Fast-RTPS
[39/48] Building CXX object CMakeFiles/serial_motor_demo_msgs__rosidl_typesupport_fastrtps_c.dir/rosidl_typesupport_fastrtps_c/serial_motor_demo_msgs/msg/detail/motor_vels__type_support_c.cpp.o
[40/48] Building CXX object CMakeFiles/serial_motor_demo_msgs__rosidl_typesupport_fastrtps_c.dir/rosidl_typesupport_fastrtps_c/serial_motor_demo_msgs/msg/detail/encoder_vals__type_support_c.cpp.o
[41/48] Building CXX object CMakeFiles/serial_motor_demo_msgs__rosidl_typesupport_fastrtps_c.dir/rosidl_typesupport_fastrtps_c/serial_motor_demo_msgs/msg/detail/motor_command__type_support_c.cpp.o
[42/48] Building CXX object CMakeFiles/serial_motor_demo_msgs__rosidl_typesupport_fastrtps_c.dir/rosidl_typesupport_fastrtps_c/serial_motor_demo_msgs/msg/detail/rover_pose__type_support_c.cpp.o
[43/48] Linking CXX shared library libserial_motor_demo_msgs__rosidl_typesupport_fastrtps_c.so
[44/48] Building CXX object CMakeFiles/serial_motor_demo_msgs_matlab.dir/src/serial_motor_demo_msgs_EncoderVals_message.cpp.o
[45/48] Building CXX object CMakeFiles/serial_motor_demo_msgs_matlab.dir/src/serial_motor_demo_msgs_MotorCommand_message.cpp.o
[46/48] Building CXX object CMakeFiles/serial_motor_demo_msgs_matlab.dir/src/serial_motor_demo_msgs_RoverPose_message.cpp.o
[47/48] Building CXX object CMakeFiles/serial_motor_demo_msgs_matlab.dir/src/serial_motor_demo_msgs_MotorVels_message.cpp.o
[48/48] Linking CXX shared library libserial_motor_demo_msgs_matlab.so
[0/1] Install the project...
-- Install configuration: "Release"
-- Installing: /home/pranav/Workspace/ITSP/rover_ws/src/matlab_msg_gen/glnxa64/install/share/ament_index/resource_index/rosidl_interfaces/serial_motor_demo_msgs
-- Installing: /home/pranav/Workspace/ITSP/rover_ws/src/matlab_msg_gen/glnxa64/install/include/serial_motor_demo_msgs
-- Installing: /home/pranav/Workspace/ITSP/rover_ws/src/matlab_msg_gen/glnxa64/install/include/serial_motor_demo_msgs/msg
-- Installing: /home/pranav/Workspace/ITSP/rover_ws/src/matlab_msg_gen/glnxa64/install/include/serial_motor_demo_msgs/msg/rosidl_generator_c__visibility_control.h
-- Installing: /home/pranav/Workspace/ITSP/rover_ws/src/matlab_msg_gen/glnxa64/install/include/serial_motor_demo_msgs/msg/motor_vels.h
-- Installing: /home/pranav/Workspace/ITSP/rover_ws/src/matlab_msg_gen/glnxa64/install/include/serial_motor_demo_msgs/msg/rover_pose.h
-- Installing: /home/pranav/Workspace/ITSP/rover_ws/src/matlab_msg_gen/glnxa64/install/include/serial_motor_demo_msgs/msg/detail
-- Installing: /home/pranav/Workspace/ITSP/rover_ws/src/matlab_msg_gen/glnxa64/install/include/serial_motor_demo_msgs/msg/detail/motor_command__type_support.h
-- Installing: /home/pranav/Workspace/ITSP/rover_ws/src/matlab_msg_gen/glnxa64/install/include/serial_motor_demo_msgs/msg/detail/rover_pose__struct.h
-- Installing: /home/pranav/Workspace/ITSP/rover_ws/src/matlab_msg_gen/glnxa64/install/include/serial_motor_demo_msgs/msg/detail/encoder_vals__functions.h
-- Installing: /home/pranav/Workspace/ITSP/rover_ws/src/matlab_msg_gen/glnxa64/install/include/serial_motor_demo_msgs/msg/detail/motor_command__struct.h
-- Installing: /home/pranav/Workspace/ITSP/rover_ws/src/matlab_msg_gen/glnxa64/install/include/serial_motor_demo_msgs/msg/detail/motor_vels__functions.h
-- Installing: /home/pranav/Workspace/ITSP/rover_ws/src/matlab_msg_gen/glnxa64/install/include/serial_motor_demo_msgs/msg/detail/motor_command__functions.h
-- Installing: /home/pranav/Workspace/ITSP/rover_ws/src/matlab_msg_gen/glnxa64/install/include/serial_motor_demo_msgs/msg/detail/motor_vels__struct.h
-- Installing: /home/pranav/Workspace/ITSP/rover_ws/src/matlab_msg_gen/glnxa64/install/include/serial_motor_demo_msgs/msg/detail/motor_command__functions.c
-- Installing: /home/pranav/Workspace/ITSP/rover_ws/src/matlab_msg_gen/glnxa64/install/include/serial_motor_demo_msgs/msg/detail/rover_pose__type_support.h
-- Installing: /home/pranav/Workspace/ITSP/rover_ws/src/matlab_msg_gen/glnxa64/install/include/serial_motor_demo_msgs/msg/detail/encoder_vals__functions.c
-- Installing: /home/pranav/Workspace/ITSP/rover_ws/src/matlab_msg_gen/glnxa64/install/include/serial_motor_demo_msgs/msg/detail/encoder_vals__type_support.h
-- Installing: /home/pranav/Workspace/ITSP/rover_ws/src/matlab_msg_gen/glnxa64/install/include/serial_motor_demo_msgs/msg/detail/motor_vels__type_support.h
-- Installing: /home/pranav/Workspace/ITSP/rover_ws/src/matlab_msg_gen/glnxa64/install/include/serial_motor_demo_msgs/msg/detail/rover_pose__functions.h
-- Installing: /home/pranav/Workspace/ITSP/rover_ws/src/matlab_msg_gen/glnxa64/install/include/serial_motor_demo_msgs/msg/detail/motor_vels__functions.c
-- Installing: /home/pranav/Workspace/ITSP/rover_ws/src/matlab_msg_gen/glnxa64/install/include/serial_motor_demo_msgs/msg/detail/encoder_vals__struct.h
-- Installing: /home/pranav/Workspace/ITSP/rover_ws/src/matlab_msg_gen/glnxa64/install/include/serial_motor_demo_msgs/msg/detail/rover_pose__functions.c
-- Installing: /home/pranav/Workspace/ITSP/rover_ws/src/matlab_msg_gen/glnxa64/install/include/serial_motor_demo_msgs/msg/encoder_vals.h
-- Installing: /home/pranav/Workspace/ITSP/rover_ws/src/matlab_msg_gen/glnxa64/install/include/serial_motor_demo_msgs/msg/motor_command.h
-- Installing: /home/pranav/Workspace/ITSP/rover_ws/src/matlab_msg_gen/glnxa64/install/share/serial_motor_demo_msgs/environment/library_path.sh
-- Installing: /home/pranav/Workspace/ITSP/rover_ws/src/matlab_msg_gen/glnxa64/install/share/serial_motor_demo_msgs/environment/library_path.dsv
-- Installing: /home/pranav/Workspace/ITSP/rover_ws/src/matlab_msg_gen/glnxa64/install/lib/libserial_motor_demo_msgs__rosidl_generator_c.so
-- Up-to-date: /home/pranav/Workspace/ITSP/rover_ws/src/matlab_msg_gen/glnxa64/install/include/serial_motor_demo_msgs
-- Up-to-date: /home/pranav/Workspace/ITSP/rover_ws/src/matlab_msg_gen/glnxa64/install/include/serial_motor_demo_msgs/msg
-- Up-to-date: /home/pranav/Workspace/ITSP/rover_ws/src/matlab_msg_gen/glnxa64/install/include/serial_motor_demo_msgs/msg/detail
-- Installing: /home/pranav/Workspace/ITSP/rover_ws/src/matlab_msg_gen/glnxa64/install/include/serial_motor_demo_msgs/msg/detail/encoder_vals__rosidl_typesupport_fastrtps_c.h
-- Installing: /home/pranav/Workspace/ITSP/rover_ws/src/matlab_msg_gen/glnxa64/install/include/serial_motor_demo_msgs/msg/detail/motor_command__rosidl_typesupport_fastrtps_c.h
-- Installing: /home/pranav/Workspace/ITSP/rover_ws/src/matlab_msg_gen/glnxa64/install/include/serial_motor_demo_msgs/msg/detail/motor_vels__rosidl_typesupport_fastrtps_c.h
-- Installing: /home/pranav/Workspace/ITSP/rover_ws/src/matlab_msg_gen/glnxa64/install/include/serial_motor_demo_msgs/msg/detail/rover_pose__rosidl_typesupport_fastrtps_c.h
-- Installing: /home/pranav/Workspace/ITSP/rover_ws/src/matlab_msg_gen/glnxa64/install/include/serial_motor_demo_msgs/msg/rosidl_typesupport_fastrtps_c__visibility_control.h
-- Installing: /home/pranav/Workspace/ITSP/rover_ws/src/matlab_msg_gen/glnxa64/install/lib/libserial_motor_demo_msgs__rosidl_typesupport_fastrtps_c.so
-- Up-to-date: /home/pranav/Workspace/ITSP/rover_ws/src/matlab_msg_gen/glnxa64/install/include/serial_motor_demo_msgs
-- Up-to-date: /home/pranav/Workspace/ITSP/rover_ws/src/matlab_msg_gen/glnxa64/install/include/serial_motor_demo_msgs/msg
-- Up-to-date: /home/pranav/Workspace/ITSP/rover_ws/src/matlab_msg_gen/glnxa64/install/include/serial_motor_demo_msgs/msg/detail
-- Installing: /home/pranav/Workspace/ITSP/rover_ws/src/matlab_msg_gen/glnxa64/install/include/serial_motor_demo_msgs/msg/detail/rover_pose__rosidl_typesupport_fastrtps_cpp.hpp
-- Installing: /home/pranav/Workspace/ITSP/rover_ws/src/matlab_msg_gen/glnxa64/install/include/serial_motor_demo_msgs/msg/detail/encoder_vals__rosidl_typesupport_fastrtps_cpp.hpp
-- Installing: /home/pranav/Workspace/ITSP/rover_ws/src/matlab_msg_gen/glnxa64/install/include/serial_motor_demo_msgs/msg/detail/motor_command__rosidl_typesupport_fastrtps_cpp.hpp
-- Installing: /home/pranav/Workspace/ITSP/rover_ws/src/matlab_msg_gen/glnxa64/install/include/serial_motor_demo_msgs/msg/detail/motor_vels__rosidl_typesupport_fastrtps_cpp.hpp
-- Installing: /home/pranav/Workspace/ITSP/rover_ws/src/matlab_msg_gen/glnxa64/install/include/serial_motor_demo_msgs/msg/detail/dds_fastrtps
-- Installing: /home/pranav/Workspace/ITSP/rover_ws/src/matlab_msg_gen/glnxa64/install/include/serial_motor_demo_msgs/msg/rosidl_typesupport_fastrtps_cpp__visibility_control.h
-- Installing: /home/pranav/Workspace/ITSP/rover_ws/src/matlab_msg_gen/glnxa64/install/lib/libserial_motor_demo_msgs__rosidl_typesupport_fastrtps_cpp.so
-- Up-to-date: /home/pranav/Workspace/ITSP/rover_ws/src/matlab_msg_gen/glnxa64/install/include/serial_motor_demo_msgs
-- Up-to-date: /home/pranav/Workspace/ITSP/rover_ws/src/matlab_msg_gen/glnxa64/install/include/serial_motor_demo_msgs/msg
-- Installing: /home/pranav/Workspace/ITSP/rover_ws/src/matlab_msg_gen/glnxa64/install/include/serial_motor_demo_msgs/msg/rosidl_typesupport_introspection_c__visibility_control.h
-- Up-to-date: /home/pranav/Workspace/ITSP/rover_ws/src/matlab_msg_gen/glnxa64/install/include/serial_motor_demo_msgs/msg/detail
-- Installing: /home/pranav/Workspace/ITSP/rover_ws/src/matlab_msg_gen/glnxa64/install/include/serial_motor_demo_msgs/msg/detail/encoder_vals__type_support.c
-- Installing: /home/pranav/Workspace/ITSP/rover_ws/src/matlab_msg_gen/glnxa64/install/include/serial_motor_demo_msgs/msg/detail/motor_command__rosidl_typesupport_introspection_c.h
-- Installing: /home/pranav/Workspace/ITSP/rover_ws/src/matlab_msg_gen/glnxa64/install/include/serial_motor_demo_msgs/msg/detail/rover_pose__type_support.c
-- Installing: /home/pranav/Workspace/ITSP/rover_ws/src/matlab_msg_gen/glnxa64/install/include/serial_motor_demo_msgs/msg/detail/motor_command__type_support.c
-- Installing: /home/pranav/Workspace/ITSP/rover_ws/src/matlab_msg_gen/glnxa64/install/include/serial_motor_demo_msgs/msg/detail/motor_vels__rosidl_typesupport_introspection_c.h
-- Installing: /home/pranav/Workspace/ITSP/rover_ws/src/matlab_msg_gen/glnxa64/install/include/serial_motor_demo_msgs/msg/detail/motor_vels__type_support.c
-- Installing: /home/pranav/Workspace/ITSP/rover_ws/src/matlab_msg_gen/glnxa64/install/include/serial_motor_demo_msgs/msg/detail/rover_pose__rosidl_typesupport_introspection_c.h
-- Installing: /home/pranav/Workspace/ITSP/rover_ws/src/matlab_msg_gen/glnxa64/install/include/serial_motor_demo_msgs/msg/detail/encoder_vals__rosidl_typesupport_introspection_c.h
-- Installing: /home/pranav/Workspace/ITSP/rover_ws/src/matlab_msg_gen/glnxa64/install/lib/libserial_motor_demo_msgs__rosidl_typesupport_introspection_c.so
-- Installing: /home/pranav/Workspace/ITSP/rover_ws/src/matlab_msg_gen/glnxa64/install/lib/libserial_motor_demo_msgs__rosidl_typesupport_c.so
-- Up-to-date: /home/pranav/Workspace/ITSP/rover_ws/src/matlab_msg_gen/glnxa64/install/include/serial_motor_demo_msgs
-- Up-to-date: /home/pranav/Workspace/ITSP/rover_ws/src/matlab_msg_gen/glnxa64/install/include/serial_motor_demo_msgs/msg
-- Installing: /home/pranav/Workspace/ITSP/rover_ws/src/matlab_msg_gen/glnxa64/install/include/serial_motor_demo_msgs/msg/motor_command.hpp
-- Up-to-date: /home/pranav/Workspace/ITSP/rover_ws/src/matlab_msg_gen/glnxa64/install/include/serial_motor_demo_msgs/msg/detail
-- Installing: /home/pranav/Workspace/ITSP/rover_ws/src/matlab_msg_gen/glnxa64/install/include/serial_motor_demo_msgs/msg/detail/encoder_vals__struct.hpp
-- Installing: /home/pranav/Workspace/ITSP/rover_ws/src/matlab_msg_gen/glnxa64/install/include/serial_motor_demo_msgs/msg/detail/motor_command__builder.hpp
-- Installing: /home/pranav/Workspace/ITSP/rover_ws/src/matlab_msg_gen/glnxa64/install/include/serial_motor_demo_msgs/msg/detail/rover_pose__struct.hpp
-- Installing: /home/pranav/Workspace/ITSP/rover_ws/src/matlab_msg_gen/glnxa64/install/include/serial_motor_demo_msgs/msg/detail/motor_vels__builder.hpp
-- Installing: /home/pranav/Workspace/ITSP/rover_ws/src/matlab_msg_gen/glnxa64/install/include/serial_motor_demo_msgs/msg/detail/motor_command__traits.hpp
-- Installing: /home/pranav/Workspace/ITSP/rover_ws/src/matlab_msg_gen/glnxa64/install/include/serial_motor_demo_msgs/msg/detail/encoder_vals__builder.hpp
-- Installing: /home/pranav/Workspace/ITSP/rover_ws/src/matlab_msg_gen/glnxa64/install/include/serial_motor_demo_msgs/msg/detail/rover_pose__builder.hpp
-- Installing: /home/pranav/Workspace/ITSP/rover_ws/src/matlab_msg_gen/glnxa64/install/include/serial_motor_demo_msgs/msg/detail/motor_vels__struct.hpp
-- Installing: /home/pranav/Workspace/ITSP/rover_ws/src/matlab_msg_gen/glnxa64/install/include/serial_motor_demo_msgs/msg/detail/rover_pose__traits.hpp
-- Installing: /home/pranav/Workspace/ITSP/rover_ws/src/matlab_msg_gen/glnxa64/install/include/serial_motor_demo_msgs/msg/detail/motor_command__struct.hpp
-- Installing: /home/pranav/Workspace/ITSP/rover_ws/src/matlab_msg_gen/glnxa64/install/include/serial_motor_demo_msgs/msg/detail/encoder_vals__traits.hpp
-- Installing: /home/pranav/Workspace/ITSP/rover_ws/src/matlab_msg_gen/glnxa64/install/include/serial_motor_demo_msgs/msg/detail/motor_vels__traits.hpp
-- Installing: /home/pranav/Workspace/ITSP/rover_ws/src/matlab_msg_gen/glnxa64/install/include/serial_motor_demo_msgs/msg/rover_pose.hpp
-- Installing: /home/pranav/Workspace/ITSP/rover_ws/src/matlab_msg_gen/glnxa64/install/include/serial_motor_demo_msgs/msg/encoder_vals.hpp
-- Installing: /home/pranav/Workspace/ITSP/rover_ws/src/matlab_msg_gen/glnxa64/install/include/serial_motor_demo_msgs/msg/motor_vels.hpp
-- Up-to-date: /home/pranav/Workspace/ITSP/rover_ws/src/matlab_msg_gen/glnxa64/install/include/serial_motor_demo_msgs
-- Up-to-date: /home/pranav/Workspace/ITSP/rover_ws/src/matlab_msg_gen/glnxa64/install/include/serial_motor_demo_msgs/msg
-- Up-to-date: /home/pranav/Workspace/ITSP/rover_ws/src/matlab_msg_gen/glnxa64/install/include/serial_motor_demo_msgs/msg/detail
-- Installing: /home/pranav/Workspace/ITSP/rover_ws/src/matlab_msg_gen/glnxa64/install/include/serial_motor_demo_msgs/msg/detail/rover_pose__type_support.cpp
-- Installing: /home/pranav/Workspace/ITSP/rover_ws/src/matlab_msg_gen/glnxa64/install/include/serial_motor_demo_msgs/msg/detail/rover_pose__rosidl_typesupport_introspection_cpp.hpp
-- Installing: /home/pranav/Workspace/ITSP/rover_ws/src/matlab_msg_gen/glnxa64/install/include/serial_motor_demo_msgs/msg/detail/encoder_vals__type_support.cpp
-- Installing: /home/pranav/Workspace/ITSP/rover_ws/src/matlab_msg_gen/glnxa64/install/include/serial_motor_demo_msgs/msg/detail/motor_vels__rosidl_typesupport_introspection_cpp.hpp
-- Installing: /home/pranav/Workspace/ITSP/rover_ws/src/matlab_msg_gen/glnxa64/install/include/serial_motor_demo_msgs/msg/detail/encoder_vals__rosidl_typesupport_introspection_cpp.hpp
-- Installing: /home/pranav/Workspace/ITSP/rover_ws/src/matlab_msg_gen/glnxa64/install/include/serial_motor_demo_msgs/msg/detail/motor_command__rosidl_typesupport_introspection_cpp.hpp
-- Installing: /home/pranav/Workspace/ITSP/rover_ws/src/matlab_msg_gen/glnxa64/install/include/serial_motor_demo_msgs/msg/detail/motor_vels__type_support.cpp
-- Installing: /home/pranav/Workspace/ITSP/rover_ws/src/matlab_msg_gen/glnxa64/install/include/serial_motor_demo_msgs/msg/detail/motor_command__type_support.cpp
-- Installing: /home/pranav/Workspace/ITSP/rover_ws/src/matlab_msg_gen/glnxa64/install/lib/libserial_motor_demo_msgs__rosidl_typesupport_introspection_cpp.so
-- Installing: /home/pranav/Workspace/ITSP/rover_ws/src/matlab_msg_gen/glnxa64/install/lib/libserial_motor_demo_msgs__rosidl_typesupport_cpp.so
-- Installing: /home/pranav/Workspace/ITSP/rover_ws/src/matlab_msg_gen/glnxa64/install/share/serial_motor_demo_msgs/msg/EncoderVals.idl
-- Installing: /home/pranav/Workspace/ITSP/rover_ws/src/matlab_msg_gen/glnxa64/install/share/serial_motor_demo_msgs/msg/MotorCommand.idl
-- Installing: /home/pranav/Workspace/ITSP/rover_ws/src/matlab_msg_gen/glnxa64/install/share/serial_motor_demo_msgs/msg/MotorVels.idl
-- Installing: /home/pranav/Workspace/ITSP/rover_ws/src/matlab_msg_gen/glnxa64/install/share/serial_motor_demo_msgs/msg/RoverPose.idl
-- Installing: /home/pranav/Workspace/ITSP/rover_ws/src/matlab_msg_gen/glnxa64/install/share/serial_motor_demo_msgs/msg/EncoderVals.msg
-- Installing: /home/pranav/Workspace/ITSP/rover_ws/src/matlab_msg_gen/glnxa64/install/share/serial_motor_demo_msgs/msg/MotorCommand.msg
-- Installing: /home/pranav/Workspace/ITSP/rover_ws/src/matlab_msg_gen/glnxa64/install/share/serial_motor_demo_msgs/msg/MotorVels.msg
-- Installing: /home/pranav/Workspace/ITSP/rover_ws/src/matlab_msg_gen/glnxa64/install/share/serial_motor_demo_msgs/msg/RoverPose.msg
-- Up-to-date: /home/pranav/Workspace/ITSP/rover_ws/src/matlab_msg_gen/glnxa64/install/include
-- Up-to-date: /home/pranav/Workspace/ITSP/rover_ws/src/matlab_msg_gen/glnxa64/install/include/serial_motor_demo_msgs
-- Installing: /home/pranav/Workspace/ITSP/rover_ws/src/matlab_msg_gen/glnxa64/install/include/serial_motor_demo_msgs/visibility_control.h
-- Installing: /home/pranav/Workspace/ITSP/rover_ws/src/matlab_msg_gen/glnxa64/install/lib/libserial_motor_demo_msgs_matlab.so
-- Installing: /home/pranav/Workspace/ITSP/rover_ws/src/matlab_msg_gen/glnxa64/install/m/
-- Installing: /home/pranav/Workspace/ITSP/rover_ws/src/matlab_msg_gen/glnxa64/install/m//+ros
-- Installing: /home/pranav/Workspace/ITSP/rover_ws/src/matlab_msg_gen/glnxa64/install/m//+ros/+internal
-- Installing: /home/pranav/Workspace/ITSP/rover_ws/src/matlab_msg_gen/glnxa64/install/m//+ros/+internal/+ros2
-- Installing: /home/pranav/Workspace/ITSP/rover_ws/src/matlab_msg_gen/glnxa64/install/m//+ros/+internal/+ros2/+custommessages
-- Installing: /home/pranav/Workspace/ITSP/rover_ws/src/matlab_msg_gen/glnxa64/install/m//+ros/+internal/+ros2/+custommessages/+serial_motor_demo_msgs
-- Installing: /home/pranav/Workspace/ITSP/rover_ws/src/matlab_msg_gen/glnxa64/install/m//+ros/+internal/+ros2/+custommessages/+serial_motor_demo_msgs/roverPose.m
-- Installing: /home/pranav/Workspace/ITSP/rover_ws/src/matlab_msg_gen/glnxa64/install/m//+ros/+internal/+ros2/+custommessages/+serial_motor_demo_msgs/serial_motor_demo_msgs_msg_EncoderVals_2To1_Converter.m
-- Installing: /home/pranav/Workspace/ITSP/rover_ws/src/matlab_msg_gen/glnxa64/install/m//+ros/+internal/+ros2/+custommessages/+serial_motor_demo_msgs/serial_motor_demo_msgs_msg_MotorCommand_1To2_Converter.m
-- Installing: /home/pranav/Workspace/ITSP/rover_ws/src/matlab_msg_gen/glnxa64/install/m//+ros/+internal/+ros2/+custommessages/+serial_motor_demo_msgs/encoderVals.m
-- Installing: /home/pranav/Workspace/ITSP/rover_ws/src/matlab_msg_gen/glnxa64/install/m//+ros/+internal/+ros2/+custommessages/+serial_motor_demo_msgs/motorVels.m
-- Installing: /home/pranav/Workspace/ITSP/rover_ws/src/matlab_msg_gen/glnxa64/install/m//+ros/+internal/+ros2/+custommessages/+serial_motor_demo_msgs/serial_motor_demo_msgs_msg_MotorVels_2To1_Converter.m
-- Installing: /home/pranav/Workspace/ITSP/rover_ws/src/matlab_msg_gen/glnxa64/install/m//+ros/+internal/+ros2/+custommessages/+serial_motor_demo_msgs/serial_motor_demo_msgs_msg_RoverPose_2To1_Converter.m
-- Installing: /home/pranav/Workspace/ITSP/rover_ws/src/matlab_msg_gen/glnxa64/install/m//+ros/+internal/+ros2/+custommessages/+serial_motor_demo_msgs/motorCommand.m
-- Installing: /home/pranav/Workspace/ITSP/rover_ws/src/matlab_msg_gen/glnxa64/install/m//+ros/+internal/+ros2/+custommessages/+serial_motor_demo_msgs/serial_motor_demo_msgs_msg_EncoderVals_1To2_Converter.m
-- Installing: /home/pranav/Workspace/ITSP/rover_ws/src/matlab_msg_gen/glnxa64/install/m//+ros/+internal/+ros2/+custommessages/+serial_motor_demo_msgs/serial_motor_demo_msgs_msg_MotorVels_1To2_Converter.m
-- Installing: /home/pranav/Workspace/ITSP/rover_ws/src/matlab_msg_gen/glnxa64/install/m//+ros/+internal/+ros2/+custommessages/+serial_motor_demo_msgs/serial_motor_demo_msgs_msg_RoverPose_1To2_Converter.m
-- Installing: /home/pranav/Workspace/ITSP/rover_ws/src/matlab_msg_gen/glnxa64/install/m//+ros/+internal/+ros2/+custommessages/+serial_motor_demo_msgs/serial_motor_demo_msgs_msg_MotorCommand_2To1_Converter.m
-- Installing: /home/pranav/Workspace/ITSP/rover_ws/src/matlab_msg_gen/glnxa64/install/share/ament_index/resource_index/package_run_dependencies/serial_motor_demo_msgs
-- Installing: /home/pranav/Workspace/ITSP/rover_ws/src/matlab_msg_gen/glnxa64/install/share/ament_index/resource_index/parent_prefix_path/serial_motor_demo_msgs
-- Installing: /home/pranav/Workspace/ITSP/rover_ws/src/matlab_msg_gen/glnxa64/install/share/serial_motor_demo_msgs/environment/ament_prefix_path.sh
-- Installing: /home/pranav/Workspace/ITSP/rover_ws/src/matlab_msg_gen/glnxa64/install/share/serial_motor_demo_msgs/environment/ament_prefix_path.dsv
-- Installing: /home/pranav/Workspace/ITSP/rover_ws/src/matlab_msg_gen/glnxa64/install/share/serial_motor_demo_msgs/environment/path.sh
-- Installing: /home/pranav/Workspace/ITSP/rover_ws/src/matlab_msg_gen/glnxa64/install/share/serial_motor_demo_msgs/environment/path.dsv
-- Installing: /home/pranav/Workspace/ITSP/rover_ws/src/matlab_msg_gen/glnxa64/install/share/serial_motor_demo_msgs/local_setup.bash
-- Installing: /home/pranav/Workspace/ITSP/rover_ws/src/matlab_msg_gen/glnxa64/install/share/serial_motor_demo_msgs/local_setup.sh
-- Installing: /home/pranav/Workspace/ITSP/rover_ws/src/matlab_msg_gen/glnxa64/install/share/serial_motor_demo_msgs/local_setup.zsh
-- Installing: /home/pranav/Workspace/ITSP/rover_ws/src/matlab_msg_gen/glnxa64/install/share/serial_motor_demo_msgs/local_setup.dsv
-- Installing: /home/pranav/Workspace/ITSP/rover_ws/src/matlab_msg_gen/glnxa64/install/share/serial_motor_demo_msgs/package.dsv
-- Installing: /home/pranav/Workspace/ITSP/rover_ws/src/matlab_msg_gen/glnxa64/install/share/ament_index/resource_index/packages/serial_motor_demo_msgs
-- Installing: /home/pranav/Workspace/ITSP/rover_ws/src/matlab_msg_gen/glnxa64/install/share/serial_motor_demo_msgs/cmake/serial_motor_demo_msgs__rosidl_generator_cExport.cmake
-- Installing: /home/pranav/Workspace/ITSP/rover_ws/src/matlab_msg_gen/glnxa64/install/share/serial_motor_demo_msgs/cmake/serial_motor_demo_msgs__rosidl_generator_cExport-release.cmake
-- Installing: /home/pranav/Workspace/ITSP/rover_ws/src/matlab_msg_gen/glnxa64/install/share/serial_motor_demo_msgs/cmake/serial_motor_demo_msgs__rosidl_typesupport_introspection_cExport.cmake
-- Installing: /home/pranav/Workspace/ITSP/rover_ws/src/matlab_msg_gen/glnxa64/install/share/serial_motor_demo_msgs/cmake/serial_motor_demo_msgs__rosidl_typesupport_introspection_cExport-release.cmake
-- Installing: /home/pranav/Workspace/ITSP/rover_ws/src/matlab_msg_gen/glnxa64/install/share/serial_motor_demo_msgs/cmake/serial_motor_demo_msgs__rosidl_typesupport_cExport.cmake
-- Installing: /home/pranav/Workspace/ITSP/rover_ws/src/matlab_msg_gen/glnxa64/install/share/serial_motor_demo_msgs/cmake/serial_motor_demo_msgs__rosidl_typesupport_cExport-release.cmake
-- Installing: /home/pranav/Workspace/ITSP/rover_ws/src/matlab_msg_gen/glnxa64/install/share/serial_motor_demo_msgs/cmake/serial_motor_demo_msgs__rosidl_generator_cppExport.cmake
-- Installing: /home/pranav/Workspace/ITSP/rover_ws/src/matlab_msg_gen/glnxa64/install/share/serial_motor_demo_msgs/cmake/serial_motor_demo_msgs__rosidl_typesupport_introspection_cppExport.cmake
-- Installing: /home/pranav/Workspace/ITSP/rover_ws/src/matlab_msg_gen/glnxa64/install/share/serial_motor_demo_msgs/cmake/serial_motor_demo_msgs__rosidl_typesupport_introspection_cppExport-release.cmake
-- Installing: /home/pranav/Workspace/ITSP/rover_ws/src/matlab_msg_gen/glnxa64/install/share/serial_motor_demo_msgs/cmake/serial_motor_demo_msgs__rosidl_typesupport_cppExport.cmake
-- Installing: /home/pranav/Workspace/ITSP/rover_ws/src/matlab_msg_gen/glnxa64/install/share/serial_motor_demo_msgs/cmake/serial_motor_demo_msgs__rosidl_typesupport_cppExport-release.cmake
-- Installing: /home/pranav/Workspace/ITSP/rover_ws/src/matlab_msg_gen/glnxa64/install/share/serial_motor_demo_msgs/cmake/rosidl_cmake-extras.cmake
-- Installing: /home/pranav/Workspace/ITSP/rover_ws/src/matlab_msg_gen/glnxa64/install/share/serial_motor_demo_msgs/cmake/ament_cmake_export_dependencies-extras.cmake
-- Installing: /home/pranav/Workspace/ITSP/rover_ws/src/matlab_msg_gen/glnxa64/install/share/serial_motor_demo_msgs/cmake/ament_cmake_export_libraries-extras.cmake
-- Installing: /home/pranav/Workspace/ITSP/rover_ws/src/matlab_msg_gen/glnxa64/install/share/serial_motor_demo_msgs/cmake/ament_cmake_export_targets-extras.cmake
-- Installing: /home/pranav/Workspace/ITSP/rover_ws/src/matlab_msg_gen/glnxa64/install/share/serial_motor_demo_msgs/cmake/ament_cmake_export_include_directories-extras.cmake
-- Installing: /home/pranav/Workspace/ITSP/rover_ws/src/matlab_msg_gen/glnxa64/install/share/serial_motor_demo_msgs/cmake/rosidl_cmake_export_typesupport_libraries-extras.cmake
-- Installing: /home/pranav/Workspace/ITSP/rover_ws/src/matlab_msg_gen/glnxa64/install/share/serial_motor_demo_msgs/cmake/rosidl_cmake_export_typesupport_targets-extras.cmake
-- Installing: /home/pranav/Workspace/ITSP/rover_ws/src/matlab_msg_gen/glnxa64/install/share/serial_motor_demo_msgs/cmake/serial_motor_demo_msgsConfig.cmake
-- Installing: /home/pranav/Workspace/ITSP/rover_ws/src/matlab_msg_gen/glnxa64/install/share/serial_motor_demo_msgs/cmake/serial_motor_demo_msgsConfig-version.cmake
-- Installing: /home/pranav/Workspace/ITSP/rover_ws/src/matlab_msg_gen/glnxa64/install/share/serial_motor_demo_msgs/package.xml
