[0.019s] Invoking command in '/home/pranav/Workspace/ITSP/rover_ws/src/matlab_msg_gen/glnxa64/build/serial_motor_demo_msgs': PS1=(venv) /usr/bin/cmake /home/pranav/Workspace/ITSP/rover_ws/src/matlab_msg_gen/glnxa64/src/serial_motor_demo_msgs -DCMAKE_BUILD_TYPE=Release -DCMAKE_SHARED_LINKER_FLAGS=-Wl,-no-as-needed -DBUILD_TESTING=OFF -DALIAS_ROS2_TF2=1 -DCMAKE_CXX_FLAGS_RELEASE=-O0 -G Ninja -DCMAKE_INSTALL_PREFIX=/home/pranav/Workspace/ITSP/rover_ws/src/matlab_msg_gen/glnxa64/install
[0.023s] /usr/bin/cmake: /usr/local/MATLAB/R2023a/bin/glnxa64/libcurl.so.4: no version information available (required by /usr/bin/cmake)
[0.065s] -- The C compiler identification is GNU 11.4.0
[0.107s] -- The CXX compiler identification is GNU 11.4.0
[0.113s] -- Detecting C compiler ABI info
[0.149s] -- Detecting C compiler ABI info - done
[0.154s] -- Check for working C compiler: /usr/bin/cc - skipped
[0.154s] -- Detecting C compile features
[0.154s] -- Detecting C compile features - done
[0.157s] -- Detecting CXX compiler ABI info
[0.200s] -- Detecting CXX compiler ABI info - done
[0.205s] -- Check for working CXX compiler: /usr/bin/c++ - skipped
[0.206s] -- Detecting CXX compile features
[0.206s] -- Detecting CXX compile features - done
[0.209s] -- Found ament_cmake: 0.9.8 (/usr/local/MATLAB/R2023a/sys/ros2/glnxa64/ros2/share/ament_cmake/cmake)
[0.224s] -- Found PythonInterp: /home/humble/.matlab/R2023a/ros2/glnxa64/venv/bin/python3 (found suitable version "3.9.17", minimum required is "3") 
[0.224s] -- Using PYTHON_EXECUTABLE: /home/humble/.matlab/R2023a/ros2/glnxa64/venv/bin/python3
[0.383s] -- Found ament_cmake_ros: 0.9.2 (/usr/local/MATLAB/R2023a/sys/ros2/glnxa64/ros2/share/ament_cmake_ros/cmake)
[0.389s] -- Found rosidl_typesupport_c: 1.0.2 (/usr/local/MATLAB/R2023a/sys/ros2/glnxa64/ros2/share/rosidl_typesupport_c/cmake)
[0.390s] -- Using all available rosidl_typesupport_c: rosidl_typesupport_fastrtps_c;rosidl_typesupport_introspection_c
[0.394s] -- Found rosidl_adapter: 1.2.1 (/usr/local/MATLAB/R2023a/sys/ros2/glnxa64/ros2/share/rosidl_adapter/cmake)
[0.435s] -- Found FastRTPS: /usr/local/MATLAB/R2023a/sys/ros2/glnxa64/ros2/include  
[0.496s] -- Found rosidl_typesupport_cpp: 1.0.2 (/usr/local/MATLAB/R2023a/sys/ros2/glnxa64/ros2/share/rosidl_typesupport_cpp/cmake)
[0.497s] -- Using all available rosidl_typesupport_cpp: rosidl_typesupport_fastrtps_cpp;rosidl_typesupport_introspection_cpp
[0.511s] -- Found rosidl_default_generators: 1.0.1 (/usr/local/MATLAB/R2023a/sys/ros2/glnxa64/ros2/share/rosidl_default_generators/cmake)
[0.514s] -- Found class_loader: 2.0.2 (/usr/local/MATLAB/R2023a/sys/ros2/glnxa64/ros2/share/class_loader/cmake)
[0.519s] -- Found rclcpp: 2.3.1 (/usr/local/MATLAB/R2023a/sys/ros2/glnxa64/ros2/share/rclcpp/cmake)
[0.558s] -- Found rmw_implementation_cmake: 1.0.3 (/usr/local/MATLAB/R2023a/sys/ros2/glnxa64/ros2/share/rmw_implementation_cmake/cmake)
[0.559s] -- Using RMW implementation 'rmw_fastrtps_cpp' as default
[0.560s] -- Looking for pthread.h
[0.598s] -- Looking for pthread.h - found
[0.598s] -- Performing Test CMAKE_HAVE_LIBC_PTHREAD
[0.638s] -- Performing Test CMAKE_HAVE_LIBC_PTHREAD - Success
[0.639s] -- Found Threads: TRUE  
[0.714s] -- Found PythonInterp: /home/humble/.matlab/R2023a/ros2/glnxa64/venv/bin/python3 (found version "3.9.17") 
[0.871s] -- Using all available rosidl_typesupport_c: rosidl_typesupport_fastrtps_c;rosidl_typesupport_introspection_c
[0.876s] -- Using all available rosidl_typesupport_cpp: rosidl_typesupport_fastrtps_cpp;rosidl_typesupport_introspection_cpp
[0.884s] -- Configuring done
[0.899s] -- Generating done
[0.906s] -- Build files have been written to: /home/pranav/Workspace/ITSP/rover_ws/src/matlab_msg_gen/glnxa64/build/serial_motor_demo_msgs
[0.913s] Invoked command in '/home/pranav/Workspace/ITSP/rover_ws/src/matlab_msg_gen/glnxa64/build/serial_motor_demo_msgs' returned '0': PS1=(venv) /usr/bin/cmake /home/pranav/Workspace/ITSP/rover_ws/src/matlab_msg_gen/glnxa64/src/serial_motor_demo_msgs -DCMAKE_BUILD_TYPE=Release -DCMAKE_SHARED_LINKER_FLAGS=-Wl,-no-as-needed -DBUILD_TESTING=OFF -DALIAS_ROS2_TF2=1 -DCMAKE_CXX_FLAGS_RELEASE=-O0 -G Ninja -DCMAKE_INSTALL_PREFIX=/home/pranav/Workspace/ITSP/rover_ws/src/matlab_msg_gen/glnxa64/install
[0.915s] Invoking command in '/home/pranav/Workspace/ITSP/rover_ws/src/matlab_msg_gen/glnxa64/build/serial_motor_demo_msgs': PS1=(venv) /usr/bin/cmake --build /home/pranav/Workspace/ITSP/rover_ws/src/matlab_msg_gen/glnxa64/build/serial_motor_demo_msgs -- -j16 -l16
[0.916s] /usr/bin/cmake: /usr/local/MATLAB/R2023a/bin/glnxa64/libcurl.so.4: no version information available (required by /usr/bin/cmake)
[1.168s] [1/48] Generating C++ code for ROS interfaces
[1.171s] [2/48] Generating C code for ROS interfaces
[1.206s] [3/48] Building C object CMakeFiles/serial_motor_demo_msgs__rosidl_generator_c.dir/rosidl_generator_c/serial_motor_demo_msgs/msg/detail/encoder_vals__functions.c.o
[1.206s] [4/48] Building C object CMakeFiles/serial_motor_demo_msgs__rosidl_generator_c.dir/rosidl_generator_c/serial_motor_demo_msgs/msg/detail/motor_vels__functions.c.o
[1.206s] [5/48] Building C object CMakeFiles/serial_motor_demo_msgs__rosidl_generator_c.dir/rosidl_generator_c/serial_motor_demo_msgs/msg/detail/rover_pose__functions.c.o
[1.212s] [6/48] Building C object CMakeFiles/serial_motor_demo_msgs__rosidl_generator_c.dir/rosidl_generator_c/serial_motor_demo_msgs/msg/detail/motor_command__functions.c.o
[1.226s] [7/48] Linking C shared library libserial_motor_demo_msgs__rosidl_generator_c.so
[1.369s] [8/48] Generating C++ type support dispatch for ROS interfaces
[1.396s] [9/48] Generating C++ introspection for ROS interfaces
[1.448s] [10/48] Generating C++ type support for eProsima Fast-RTPS
[1.489s] [11/48] Generating C type support dispatch for ROS interfaces
[1.530s] [12/48] Building CXX object CMakeFiles/serial_motor_demo_msgs__rosidl_typesupport_c.dir/rosidl_typesupport_c/serial_motor_demo_msgs/msg/encoder_vals__type_support.cpp.o
[1.531s] [13/48] Generating C introspection for ROS interfaces
[1.540s] [14/48] Building CXX object CMakeFiles/serial_motor_demo_msgs__rosidl_typesupport_c.dir/rosidl_typesupport_c/serial_motor_demo_msgs/msg/motor_command__type_support.cpp.o
[1.546s] [15/48] Building CXX object CMakeFiles/serial_motor_demo_msgs__rosidl_typesupport_c.dir/rosidl_typesupport_c/serial_motor_demo_msgs/msg/motor_vels__type_support.cpp.o
[1.583s] [16/48] Building CXX object CMakeFiles/serial_motor_demo_msgs__rosidl_typesupport_c.dir/rosidl_typesupport_c/serial_motor_demo_msgs/msg/rover_pose__type_support.cpp.o
[1.583s] [17/48] Building C object CMakeFiles/serial_motor_demo_msgs__rosidl_typesupport_introspection_c.dir/rosidl_typesupport_introspection_c/serial_motor_demo_msgs/msg/detail/motor_command__type_support.c.o
[1.587s] [18/48] Building C object CMakeFiles/serial_motor_demo_msgs__rosidl_typesupport_introspection_c.dir/rosidl_typesupport_introspection_c/serial_motor_demo_msgs/msg/detail/encoder_vals__type_support.c.o
[1.592s] [19/48] Building C object CMakeFiles/serial_motor_demo_msgs__rosidl_typesupport_introspection_c.dir/rosidl_typesupport_introspection_c/serial_motor_demo_msgs/msg/detail/motor_vels__type_support.c.o
[1.619s] [20/48] Building C object CMakeFiles/serial_motor_demo_msgs__rosidl_typesupport_introspection_c.dir/rosidl_typesupport_introspection_c/serial_motor_demo_msgs/msg/detail/rover_pose__type_support.c.o
[1.651s] [21/48] Linking C shared library libserial_motor_demo_msgs__rosidl_typesupport_introspection_c.so
[1.664s] [22/48] Building CXX object CMakeFiles/serial_motor_demo_msgs__rosidl_typesupport_cpp.dir/rosidl_typesupport_cpp/serial_motor_demo_msgs/msg/rover_pose__type_support.cpp.o
[1.679s] [23/48] Building CXX object CMakeFiles/serial_motor_demo_msgs__rosidl_typesupport_cpp.dir/rosidl_typesupport_cpp/serial_motor_demo_msgs/msg/motor_command__type_support.cpp.o
[1.692s] [24/48] Building CXX object CMakeFiles/serial_motor_demo_msgs__rosidl_typesupport_cpp.dir/rosidl_typesupport_cpp/serial_motor_demo_msgs/msg/motor_vels__type_support.cpp.o
[1.695s] [25/48] Building CXX object CMakeFiles/serial_motor_demo_msgs__rosidl_typesupport_cpp.dir/rosidl_typesupport_cpp/serial_motor_demo_msgs/msg/encoder_vals__type_support.cpp.o
[1.698s] [26/48] Linking CXX shared library libserial_motor_demo_msgs__rosidl_typesupport_c.so
[1.711s] [27/48] Building CXX object CMakeFiles/serial_motor_demo_msgs__rosidl_typesupport_introspection_cpp.dir/rosidl_typesupport_introspection_cpp/serial_motor_demo_msgs/msg/detail/motor_vels__type_support.cpp.o
[1.715s] [28/48] Building CXX object CMakeFiles/serial_motor_demo_msgs__rosidl_typesupport_introspection_cpp.dir/rosidl_typesupport_introspection_cpp/serial_motor_demo_msgs/msg/detail/motor_command__type_support.cpp.o
[1.716s] [29/48] Building CXX object CMakeFiles/serial_motor_demo_msgs__rosidl_typesupport_introspection_cpp.dir/rosidl_typesupport_introspection_cpp/serial_motor_demo_msgs/msg/detail/encoder_vals__type_support.cpp.o
[1.718s] [30/48] Building CXX object CMakeFiles/serial_motor_demo_msgs__rosidl_typesupport_introspection_cpp.dir/rosidl_typesupport_introspection_cpp/serial_motor_demo_msgs/msg/detail/rover_pose__type_support.cpp.o
[1.773s] [31/48] Linking CXX shared library libserial_motor_demo_msgs__rosidl_typesupport_cpp.so
[1.802s] [32/48] Linking CXX shared library libserial_motor_demo_msgs__rosidl_typesupport_introspection_cpp.so
[1.864s] [33/48] Building CXX object CMakeFiles/serial_motor_demo_msgs__rosidl_typesupport_fastrtps_cpp.dir/rosidl_typesupport_fastrtps_cpp/serial_motor_demo_msgs/msg/detail/dds_fastrtps/rover_pose__type_support.cpp.o
[1.864s] [34/48] Building CXX object CMakeFiles/serial_motor_demo_msgs__rosidl_typesupport_fastrtps_cpp.dir/rosidl_typesupport_fastrtps_cpp/serial_motor_demo_msgs/msg/detail/dds_fastrtps/motor_command__type_support.cpp.o
[1.902s] [35/48] Building CXX object CMakeFiles/serial_motor_demo_msgs__rosidl_typesupport_fastrtps_cpp.dir/rosidl_typesupport_fastrtps_cpp/serial_motor_demo_msgs/msg/detail/dds_fastrtps/encoder_vals__type_support.cpp.o
[1.913s] [36/48] Building CXX object CMakeFiles/serial_motor_demo_msgs__rosidl_typesupport_fastrtps_cpp.dir/rosidl_typesupport_fastrtps_cpp/serial_motor_demo_msgs/msg/detail/dds_fastrtps/motor_vels__type_support.cpp.o
[1.998s] [37/48] Linking CXX shared library libserial_motor_demo_msgs__rosidl_typesupport_fastrtps_cpp.so
[2.226s] [38/48] Generating C type support for eProsima Fast-RTPS
[2.457s] [39/48] Building CXX object CMakeFiles/serial_motor_demo_msgs__rosidl_typesupport_fastrtps_c.dir/rosidl_typesupport_fastrtps_c/serial_motor_demo_msgs/msg/detail/motor_vels__type_support_c.cpp.o
[2.457s] [40/48] Building CXX object CMakeFiles/serial_motor_demo_msgs__rosidl_typesupport_fastrtps_c.dir/rosidl_typesupport_fastrtps_c/serial_motor_demo_msgs/msg/detail/encoder_vals__type_support_c.cpp.o
[2.458s] [41/48] Building CXX object CMakeFiles/serial_motor_demo_msgs__rosidl_typesupport_fastrtps_c.dir/rosidl_typesupport_fastrtps_c/serial_motor_demo_msgs/msg/detail/motor_command__type_support_c.cpp.o
[2.482s] [42/48] Building CXX object CMakeFiles/serial_motor_demo_msgs__rosidl_typesupport_fastrtps_c.dir/rosidl_typesupport_fastrtps_c/serial_motor_demo_msgs/msg/detail/rover_pose__type_support_c.cpp.o
[2.569s] [43/48] Linking CXX shared library libserial_motor_demo_msgs__rosidl_typesupport_fastrtps_c.so
[7.279s] [44/48] Building CXX object CMakeFiles/serial_motor_demo_msgs_matlab.dir/src/serial_motor_demo_msgs_EncoderVals_message.cpp.o
[7.334s] [45/48] Building CXX object CMakeFiles/serial_motor_demo_msgs_matlab.dir/src/serial_motor_demo_msgs_MotorCommand_message.cpp.o
[7.340s] [46/48] Building CXX object CMakeFiles/serial_motor_demo_msgs_matlab.dir/src/serial_motor_demo_msgs_RoverPose_message.cpp.o
[7.343s] [47/48] Building CXX object CMakeFiles/serial_motor_demo_msgs_matlab.dir/src/serial_motor_demo_msgs_MotorVels_message.cpp.o
[7.888s] [48/48] Linking CXX shared library libserial_motor_demo_msgs_matlab.so
[7.897s] Invoked command in '/home/pranav/Workspace/ITSP/rover_ws/src/matlab_msg_gen/glnxa64/build/serial_motor_demo_msgs' returned '0': PS1=(venv) /usr/bin/cmake --build /home/pranav/Workspace/ITSP/rover_ws/src/matlab_msg_gen/glnxa64/build/serial_motor_demo_msgs -- -j16 -l16
[7.920s] Invoking command in '/home/pranav/Workspace/ITSP/rover_ws/src/matlab_msg_gen/glnxa64/build/serial_motor_demo_msgs': PS1=(venv) /usr/bin/cmake --build /home/pranav/Workspace/ITSP/rover_ws/src/matlab_msg_gen/glnxa64/build/serial_motor_demo_msgs --target install -- -j16 -l16
[7.922s] /usr/bin/cmake: /usr/local/MATLAB/R2023a/bin/glnxa64/libcurl.so.4: no version information available (required by /usr/bin/cmake)
[7.930s] [0/1] Install the project...
[7.932s] /usr/bin/cmake: /usr/local/MATLAB/R2023a/bin/glnxa64/libcurl.so.4: no version information available (required by /usr/bin/cmake)
[7.935s] -- Install configuration: "Release"
[7.936s] -- Installing: /home/pranav/Workspace/ITSP/rover_ws/src/matlab_msg_gen/glnxa64/install/share/ament_index/resource_index/rosidl_interfaces/serial_motor_demo_msgs
[7.936s] -- Installing: /home/pranav/Workspace/ITSP/rover_ws/src/matlab_msg_gen/glnxa64/install/include/serial_motor_demo_msgs
[7.936s] -- Installing: /home/pranav/Workspace/ITSP/rover_ws/src/matlab_msg_gen/glnxa64/install/include/serial_motor_demo_msgs/msg
[7.936s] -- Installing: /home/pranav/Workspace/ITSP/rover_ws/src/matlab_msg_gen/glnxa64/install/include/serial_motor_demo_msgs/msg/rosidl_generator_c__visibility_control.h
[7.936s] -- Installing: /home/pranav/Workspace/ITSP/rover_ws/src/matlab_msg_gen/glnxa64/install/include/serial_motor_demo_msgs/msg/motor_vels.h
[7.936s] -- Installing: /home/pranav/Workspace/ITSP/rover_ws/src/matlab_msg_gen/glnxa64/install/include/serial_motor_demo_msgs/msg/rover_pose.h
[7.937s] -- Installing: /home/pranav/Workspace/ITSP/rover_ws/src/matlab_msg_gen/glnxa64/install/include/serial_motor_demo_msgs/msg/detail
[7.937s] -- Installing: /home/pranav/Workspace/ITSP/rover_ws/src/matlab_msg_gen/glnxa64/install/include/serial_motor_demo_msgs/msg/detail/motor_command__type_support.h
[7.938s] -- Installing: /home/pranav/Workspace/ITSP/rover_ws/src/matlab_msg_gen/glnxa64/install/include/serial_motor_demo_msgs/msg/detail/rover_pose__struct.h
[7.938s] -- Installing: /home/pranav/Workspace/ITSP/rover_ws/src/matlab_msg_gen/glnxa64/install/include/serial_motor_demo_msgs/msg/detail/encoder_vals__functions.h
[7.938s] -- Installing: /home/pranav/Workspace/ITSP/rover_ws/src/matlab_msg_gen/glnxa64/install/include/serial_motor_demo_msgs/msg/detail/motor_command__struct.h
[7.938s] -- Installing: /home/pranav/Workspace/ITSP/rover_ws/src/matlab_msg_gen/glnxa64/install/include/serial_motor_demo_msgs/msg/detail/motor_vels__functions.h
[7.938s] -- Installing: /home/pranav/Workspace/ITSP/rover_ws/src/matlab_msg_gen/glnxa64/install/include/serial_motor_demo_msgs/msg/detail/motor_command__functions.h
[7.938s] -- Installing: /home/pranav/Workspace/ITSP/rover_ws/src/matlab_msg_gen/glnxa64/install/include/serial_motor_demo_msgs/msg/detail/motor_vels__struct.h
[7.938s] -- Installing: /home/pranav/Workspace/ITSP/rover_ws/src/matlab_msg_gen/glnxa64/install/include/serial_motor_demo_msgs/msg/detail/motor_command__functions.c
[7.938s] -- Installing: /home/pranav/Workspace/ITSP/rover_ws/src/matlab_msg_gen/glnxa64/install/include/serial_motor_demo_msgs/msg/detail/rover_pose__type_support.h
[7.939s] -- Installing: /home/pranav/Workspace/ITSP/rover_ws/src/matlab_msg_gen/glnxa64/install/include/serial_motor_demo_msgs/msg/detail/encoder_vals__functions.c
[7.940s] -- Installing: /home/pranav/Workspace/ITSP/rover_ws/src/matlab_msg_gen/glnxa64/install/include/serial_motor_demo_msgs/msg/detail/encoder_vals__type_support.h
[7.940s] -- Installing: /home/pranav/Workspace/ITSP/rover_ws/src/matlab_msg_gen/glnxa64/install/include/serial_motor_demo_msgs/msg/detail/motor_vels__type_support.h
[7.940s] -- Installing: /home/pranav/Workspace/ITSP/rover_ws/src/matlab_msg_gen/glnxa64/install/include/serial_motor_demo_msgs/msg/detail/rover_pose__functions.h
[7.940s] -- Installing: /home/pranav/Workspace/ITSP/rover_ws/src/matlab_msg_gen/glnxa64/install/include/serial_motor_demo_msgs/msg/detail/motor_vels__functions.c
[7.940s] -- Installing: /home/pranav/Workspace/ITSP/rover_ws/src/matlab_msg_gen/glnxa64/install/include/serial_motor_demo_msgs/msg/detail/encoder_vals__struct.h
[7.940s] -- Installing: /home/pranav/Workspace/ITSP/rover_ws/src/matlab_msg_gen/glnxa64/install/include/serial_motor_demo_msgs/msg/detail/rover_pose__functions.c
[7.941s] -- Installing: /home/pranav/Workspace/ITSP/rover_ws/src/matlab_msg_gen/glnxa64/install/include/serial_motor_demo_msgs/msg/encoder_vals.h
[7.942s] -- Installing: /home/pranav/Workspace/ITSP/rover_ws/src/matlab_msg_gen/glnxa64/install/include/serial_motor_demo_msgs/msg/motor_command.h
[7.942s] -- Installing: /home/pranav/Workspace/ITSP/rover_ws/src/matlab_msg_gen/glnxa64/install/share/serial_motor_demo_msgs/environment/library_path.sh
[7.943s] -- Installing: /home/pranav/Workspace/ITSP/rover_ws/src/matlab_msg_gen/glnxa64/install/share/serial_motor_demo_msgs/environment/library_path.dsv
[7.944s] -- Installing: /home/pranav/Workspace/ITSP/rover_ws/src/matlab_msg_gen/glnxa64/install/lib/libserial_motor_demo_msgs__rosidl_generator_c.so
[7.944s] -- Up-to-date: /home/pranav/Workspace/ITSP/rover_ws/src/matlab_msg_gen/glnxa64/install/include/serial_motor_demo_msgs
[7.944s] -- Up-to-date: /home/pranav/Workspace/ITSP/rover_ws/src/matlab_msg_gen/glnxa64/install/include/serial_motor_demo_msgs/msg
[7.944s] -- Up-to-date: /home/pranav/Workspace/ITSP/rover_ws/src/matlab_msg_gen/glnxa64/install/include/serial_motor_demo_msgs/msg/detail
[7.944s] -- Installing: /home/pranav/Workspace/ITSP/rover_ws/src/matlab_msg_gen/glnxa64/install/include/serial_motor_demo_msgs/msg/detail/encoder_vals__rosidl_typesupport_fastrtps_c.h
[7.944s] -- Installing: /home/pranav/Workspace/ITSP/rover_ws/src/matlab_msg_gen/glnxa64/install/include/serial_motor_demo_msgs/msg/detail/motor_command__rosidl_typesupport_fastrtps_c.h
[7.944s] -- Installing: /home/pranav/Workspace/ITSP/rover_ws/src/matlab_msg_gen/glnxa64/install/include/serial_motor_demo_msgs/msg/detail/motor_vels__rosidl_typesupport_fastrtps_c.h
[7.944s] -- Installing: /home/pranav/Workspace/ITSP/rover_ws/src/matlab_msg_gen/glnxa64/install/include/serial_motor_demo_msgs/msg/detail/rover_pose__rosidl_typesupport_fastrtps_c.h
[7.945s] -- Installing: /home/pranav/Workspace/ITSP/rover_ws/src/matlab_msg_gen/glnxa64/install/include/serial_motor_demo_msgs/msg/rosidl_typesupport_fastrtps_c__visibility_control.h
[7.945s] -- Installing: /home/pranav/Workspace/ITSP/rover_ws/src/matlab_msg_gen/glnxa64/install/lib/libserial_motor_demo_msgs__rosidl_typesupport_fastrtps_c.so
[7.945s] -- Up-to-date: /home/pranav/Workspace/ITSP/rover_ws/src/matlab_msg_gen/glnxa64/install/include/serial_motor_demo_msgs
[7.945s] -- Up-to-date: /home/pranav/Workspace/ITSP/rover_ws/src/matlab_msg_gen/glnxa64/install/include/serial_motor_demo_msgs/msg
[7.945s] -- Up-to-date: /home/pranav/Workspace/ITSP/rover_ws/src/matlab_msg_gen/glnxa64/install/include/serial_motor_demo_msgs/msg/detail
[7.945s] -- Installing: /home/pranav/Workspace/ITSP/rover_ws/src/matlab_msg_gen/glnxa64/install/include/serial_motor_demo_msgs/msg/detail/rover_pose__rosidl_typesupport_fastrtps_cpp.hpp
[7.945s] -- Installing: /home/pranav/Workspace/ITSP/rover_ws/src/matlab_msg_gen/glnxa64/install/include/serial_motor_demo_msgs/msg/detail/encoder_vals__rosidl_typesupport_fastrtps_cpp.hpp
[7.945s] -- Installing: /home/pranav/Workspace/ITSP/rover_ws/src/matlab_msg_gen/glnxa64/install/include/serial_motor_demo_msgs/msg/detail/motor_command__rosidl_typesupport_fastrtps_cpp.hpp
[7.945s] -- Installing: /home/pranav/Workspace/ITSP/rover_ws/src/matlab_msg_gen/glnxa64/install/include/serial_motor_demo_msgs/msg/detail/motor_vels__rosidl_typesupport_fastrtps_cpp.hpp
[7.946s] -- Installing: /home/pranav/Workspace/ITSP/rover_ws/src/matlab_msg_gen/glnxa64/install/include/serial_motor_demo_msgs/msg/detail/dds_fastrtps
[7.946s] -- Installing: /home/pranav/Workspace/ITSP/rover_ws/src/matlab_msg_gen/glnxa64/install/include/serial_motor_demo_msgs/msg/rosidl_typesupport_fastrtps_cpp__visibility_control.h
[7.946s] -- Installing: /home/pranav/Workspace/ITSP/rover_ws/src/matlab_msg_gen/glnxa64/install/lib/libserial_motor_demo_msgs__rosidl_typesupport_fastrtps_cpp.so
[7.946s] -- Up-to-date: /home/pranav/Workspace/ITSP/rover_ws/src/matlab_msg_gen/glnxa64/install/include/serial_motor_demo_msgs
[7.946s] -- Up-to-date: /home/pranav/Workspace/ITSP/rover_ws/src/matlab_msg_gen/glnxa64/install/include/serial_motor_demo_msgs/msg
[7.946s] -- Installing: /home/pranav/Workspace/ITSP/rover_ws/src/matlab_msg_gen/glnxa64/install/include/serial_motor_demo_msgs/msg/rosidl_typesupport_introspection_c__visibility_control.h
[7.946s] -- Up-to-date: /home/pranav/Workspace/ITSP/rover_ws/src/matlab_msg_gen/glnxa64/install/include/serial_motor_demo_msgs/msg/detail
[7.946s] -- Installing: /home/pranav/Workspace/ITSP/rover_ws/src/matlab_msg_gen/glnxa64/install/include/serial_motor_demo_msgs/msg/detail/encoder_vals__type_support.c
[7.946s] -- Installing: /home/pranav/Workspace/ITSP/rover_ws/src/matlab_msg_gen/glnxa64/install/include/serial_motor_demo_msgs/msg/detail/motor_command__rosidl_typesupport_introspection_c.h
[7.946s] -- Installing: /home/pranav/Workspace/ITSP/rover_ws/src/matlab_msg_gen/glnxa64/install/include/serial_motor_demo_msgs/msg/detail/rover_pose__type_support.c
[7.947s] -- Installing: /home/pranav/Workspace/ITSP/rover_ws/src/matlab_msg_gen/glnxa64/install/include/serial_motor_demo_msgs/msg/detail/motor_command__type_support.c
[7.947s] -- Installing: /home/pranav/Workspace/ITSP/rover_ws/src/matlab_msg_gen/glnxa64/install/include/serial_motor_demo_msgs/msg/detail/motor_vels__rosidl_typesupport_introspection_c.h
[7.947s] -- Installing: /home/pranav/Workspace/ITSP/rover_ws/src/matlab_msg_gen/glnxa64/install/include/serial_motor_demo_msgs/msg/detail/motor_vels__type_support.c
[7.947s] -- Installing: /home/pranav/Workspace/ITSP/rover_ws/src/matlab_msg_gen/glnxa64/install/include/serial_motor_demo_msgs/msg/detail/rover_pose__rosidl_typesupport_introspection_c.h
[7.947s] -- Installing: /home/pranav/Workspace/ITSP/rover_ws/src/matlab_msg_gen/glnxa64/install/include/serial_motor_demo_msgs/msg/detail/encoder_vals__rosidl_typesupport_introspection_c.h
[7.947s] -- Installing: /home/pranav/Workspace/ITSP/rover_ws/src/matlab_msg_gen/glnxa64/install/lib/libserial_motor_demo_msgs__rosidl_typesupport_introspection_c.so
[7.948s] -- Installing: /home/pranav/Workspace/ITSP/rover_ws/src/matlab_msg_gen/glnxa64/install/lib/libserial_motor_demo_msgs__rosidl_typesupport_c.so
[7.948s] -- Up-to-date: /home/pranav/Workspace/ITSP/rover_ws/src/matlab_msg_gen/glnxa64/install/include/serial_motor_demo_msgs
[7.948s] -- Up-to-date: /home/pranav/Workspace/ITSP/rover_ws/src/matlab_msg_gen/glnxa64/install/include/serial_motor_demo_msgs/msg
[7.948s] -- Installing: /home/pranav/Workspace/ITSP/rover_ws/src/matlab_msg_gen/glnxa64/install/include/serial_motor_demo_msgs/msg/motor_command.hpp
[7.948s] -- Up-to-date: /home/pranav/Workspace/ITSP/rover_ws/src/matlab_msg_gen/glnxa64/install/include/serial_motor_demo_msgs/msg/detail
[7.948s] -- Installing: /home/pranav/Workspace/ITSP/rover_ws/src/matlab_msg_gen/glnxa64/install/include/serial_motor_demo_msgs/msg/detail/encoder_vals__struct.hpp
[7.948s] -- Installing: /home/pranav/Workspace/ITSP/rover_ws/src/matlab_msg_gen/glnxa64/install/include/serial_motor_demo_msgs/msg/detail/motor_command__builder.hpp
[7.948s] -- Installing: /home/pranav/Workspace/ITSP/rover_ws/src/matlab_msg_gen/glnxa64/install/include/serial_motor_demo_msgs/msg/detail/rover_pose__struct.hpp
[7.948s] -- Installing: /home/pranav/Workspace/ITSP/rover_ws/src/matlab_msg_gen/glnxa64/install/include/serial_motor_demo_msgs/msg/detail/motor_vels__builder.hpp
[7.948s] -- Installing: /home/pranav/Workspace/ITSP/rover_ws/src/matlab_msg_gen/glnxa64/install/include/serial_motor_demo_msgs/msg/detail/motor_command__traits.hpp
[7.948s] -- Installing: /home/pranav/Workspace/ITSP/rover_ws/src/matlab_msg_gen/glnxa64/install/include/serial_motor_demo_msgs/msg/detail/encoder_vals__builder.hpp
[7.949s] -- Installing: /home/pranav/Workspace/ITSP/rover_ws/src/matlab_msg_gen/glnxa64/install/include/serial_motor_demo_msgs/msg/detail/rover_pose__builder.hpp
[7.949s] -- Installing: /home/pranav/Workspace/ITSP/rover_ws/src/matlab_msg_gen/glnxa64/install/include/serial_motor_demo_msgs/msg/detail/motor_vels__struct.hpp
[7.949s] -- Installing: /home/pranav/Workspace/ITSP/rover_ws/src/matlab_msg_gen/glnxa64/install/include/serial_motor_demo_msgs/msg/detail/rover_pose__traits.hpp
[7.949s] -- Installing: /home/pranav/Workspace/ITSP/rover_ws/src/matlab_msg_gen/glnxa64/install/include/serial_motor_demo_msgs/msg/detail/motor_command__struct.hpp
[7.949s] -- Installing: /home/pranav/Workspace/ITSP/rover_ws/src/matlab_msg_gen/glnxa64/install/include/serial_motor_demo_msgs/msg/detail/encoder_vals__traits.hpp
[7.949s] -- Installing: /home/pranav/Workspace/ITSP/rover_ws/src/matlab_msg_gen/glnxa64/install/include/serial_motor_demo_msgs/msg/detail/motor_vels__traits.hpp
[7.949s] -- Installing: /home/pranav/Workspace/ITSP/rover_ws/src/matlab_msg_gen/glnxa64/install/include/serial_motor_demo_msgs/msg/rover_pose.hpp
[7.949s] -- Installing: /home/pranav/Workspace/ITSP/rover_ws/src/matlab_msg_gen/glnxa64/install/include/serial_motor_demo_msgs/msg/encoder_vals.hpp
[7.950s] -- Installing: /home/pranav/Workspace/ITSP/rover_ws/src/matlab_msg_gen/glnxa64/install/include/serial_motor_demo_msgs/msg/motor_vels.hpp
[7.950s] -- Up-to-date: /home/pranav/Workspace/ITSP/rover_ws/src/matlab_msg_gen/glnxa64/install/include/serial_motor_demo_msgs
[7.950s] -- Up-to-date: /home/pranav/Workspace/ITSP/rover_ws/src/matlab_msg_gen/glnxa64/install/include/serial_motor_demo_msgs/msg
[7.950s] -- Up-to-date: /home/pranav/Workspace/ITSP/rover_ws/src/matlab_msg_gen/glnxa64/install/include/serial_motor_demo_msgs/msg/detail
[7.950s] -- Installing: /home/pranav/Workspace/ITSP/rover_ws/src/matlab_msg_gen/glnxa64/install/include/serial_motor_demo_msgs/msg/detail/rover_pose__type_support.cpp
[7.950s] -- Installing: /home/pranav/Workspace/ITSP/rover_ws/src/matlab_msg_gen/glnxa64/install/include/serial_motor_demo_msgs/msg/detail/rover_pose__rosidl_typesupport_introspection_cpp.hpp
[7.950s] -- Installing: /home/pranav/Workspace/ITSP/rover_ws/src/matlab_msg_gen/glnxa64/install/include/serial_motor_demo_msgs/msg/detail/encoder_vals__type_support.cpp
[7.950s] -- Installing: /home/pranav/Workspace/ITSP/rover_ws/src/matlab_msg_gen/glnxa64/install/include/serial_motor_demo_msgs/msg/detail/motor_vels__rosidl_typesupport_introspection_cpp.hpp
[7.950s] -- Installing: /home/pranav/Workspace/ITSP/rover_ws/src/matlab_msg_gen/glnxa64/install/include/serial_motor_demo_msgs/msg/detail/encoder_vals__rosidl_typesupport_introspection_cpp.hpp
[7.951s] -- Installing: /home/pranav/Workspace/ITSP/rover_ws/src/matlab_msg_gen/glnxa64/install/include/serial_motor_demo_msgs/msg/detail/motor_command__rosidl_typesupport_introspection_cpp.hpp
[7.951s] -- Installing: /home/pranav/Workspace/ITSP/rover_ws/src/matlab_msg_gen/glnxa64/install/include/serial_motor_demo_msgs/msg/detail/motor_vels__type_support.cpp
[7.951s] -- Installing: /home/pranav/Workspace/ITSP/rover_ws/src/matlab_msg_gen/glnxa64/install/include/serial_motor_demo_msgs/msg/detail/motor_command__type_support.cpp
[7.951s] -- Installing: /home/pranav/Workspace/ITSP/rover_ws/src/matlab_msg_gen/glnxa64/install/lib/libserial_motor_demo_msgs__rosidl_typesupport_introspection_cpp.so
[7.951s] -- Installing: /home/pranav/Workspace/ITSP/rover_ws/src/matlab_msg_gen/glnxa64/install/lib/libserial_motor_demo_msgs__rosidl_typesupport_cpp.so
[7.951s] -- Installing: /home/pranav/Workspace/ITSP/rover_ws/src/matlab_msg_gen/glnxa64/install/share/serial_motor_demo_msgs/msg/EncoderVals.idl
[7.952s] -- Installing: /home/pranav/Workspace/ITSP/rover_ws/src/matlab_msg_gen/glnxa64/install/share/serial_motor_demo_msgs/msg/MotorCommand.idl
[7.952s] -- Installing: /home/pranav/Workspace/ITSP/rover_ws/src/matlab_msg_gen/glnxa64/install/share/serial_motor_demo_msgs/msg/MotorVels.idl
[7.952s] -- Installing: /home/pranav/Workspace/ITSP/rover_ws/src/matlab_msg_gen/glnxa64/install/share/serial_motor_demo_msgs/msg/RoverPose.idl
[7.952s] -- Installing: /home/pranav/Workspace/ITSP/rover_ws/src/matlab_msg_gen/glnxa64/install/share/serial_motor_demo_msgs/msg/EncoderVals.msg
[7.952s] -- Installing: /home/pranav/Workspace/ITSP/rover_ws/src/matlab_msg_gen/glnxa64/install/share/serial_motor_demo_msgs/msg/MotorCommand.msg
[7.952s] -- Installing: /home/pranav/Workspace/ITSP/rover_ws/src/matlab_msg_gen/glnxa64/install/share/serial_motor_demo_msgs/msg/MotorVels.msg
[7.952s] -- Installing: /home/pranav/Workspace/ITSP/rover_ws/src/matlab_msg_gen/glnxa64/install/share/serial_motor_demo_msgs/msg/RoverPose.msg
[7.952s] -- Up-to-date: /home/pranav/Workspace/ITSP/rover_ws/src/matlab_msg_gen/glnxa64/install/include
[7.953s] -- Up-to-date: /home/pranav/Workspace/ITSP/rover_ws/src/matlab_msg_gen/glnxa64/install/include/serial_motor_demo_msgs
[7.953s] -- Installing: /home/pranav/Workspace/ITSP/rover_ws/src/matlab_msg_gen/glnxa64/install/include/serial_motor_demo_msgs/visibility_control.h
[7.953s] -- Installing: /home/pranav/Workspace/ITSP/rover_ws/src/matlab_msg_gen/glnxa64/install/lib/libserial_motor_demo_msgs_matlab.so
[7.961s] -- Installing: /home/pranav/Workspace/ITSP/rover_ws/src/matlab_msg_gen/glnxa64/install/m/
[7.961s] -- Installing: /home/pranav/Workspace/ITSP/rover_ws/src/matlab_msg_gen/glnxa64/install/m//+ros
[7.961s] -- Installing: /home/pranav/Workspace/ITSP/rover_ws/src/matlab_msg_gen/glnxa64/install/m//+ros/+internal
[7.961s] -- Installing: /home/pranav/Workspace/ITSP/rover_ws/src/matlab_msg_gen/glnxa64/install/m//+ros/+internal/+ros2
[7.961s] -- Installing: /home/pranav/Workspace/ITSP/rover_ws/src/matlab_msg_gen/glnxa64/install/m//+ros/+internal/+ros2/+custommessages
[7.962s] -- Installing: /home/pranav/Workspace/ITSP/rover_ws/src/matlab_msg_gen/glnxa64/install/m//+ros/+internal/+ros2/+custommessages/+serial_motor_demo_msgs
[7.962s] -- Installing: /home/pranav/Workspace/ITSP/rover_ws/src/matlab_msg_gen/glnxa64/install/m//+ros/+internal/+ros2/+custommessages/+serial_motor_demo_msgs/roverPose.m
[7.962s] -- Installing: /home/pranav/Workspace/ITSP/rover_ws/src/matlab_msg_gen/glnxa64/install/m//+ros/+internal/+ros2/+custommessages/+serial_motor_demo_msgs/serial_motor_demo_msgs_msg_EncoderVals_2To1_Converter.m
[7.962s] -- Installing: /home/pranav/Workspace/ITSP/rover_ws/src/matlab_msg_gen/glnxa64/install/m//+ros/+internal/+ros2/+custommessages/+serial_motor_demo_msgs/serial_motor_demo_msgs_msg_MotorCommand_1To2_Converter.m
[7.962s] -- Installing: /home/pranav/Workspace/ITSP/rover_ws/src/matlab_msg_gen/glnxa64/install/m//+ros/+internal/+ros2/+custommessages/+serial_motor_demo_msgs/encoderVals.m
[7.962s] -- Installing: /home/pranav/Workspace/ITSP/rover_ws/src/matlab_msg_gen/glnxa64/install/m//+ros/+internal/+ros2/+custommessages/+serial_motor_demo_msgs/motorVels.m
[7.962s] -- Installing: /home/pranav/Workspace/ITSP/rover_ws/src/matlab_msg_gen/glnxa64/install/m//+ros/+internal/+ros2/+custommessages/+serial_motor_demo_msgs/serial_motor_demo_msgs_msg_MotorVels_2To1_Converter.m
[7.962s] -- Installing: /home/pranav/Workspace/ITSP/rover_ws/src/matlab_msg_gen/glnxa64/install/m//+ros/+internal/+ros2/+custommessages/+serial_motor_demo_msgs/serial_motor_demo_msgs_msg_RoverPose_2To1_Converter.m
[7.963s] -- Installing: /home/pranav/Workspace/ITSP/rover_ws/src/matlab_msg_gen/glnxa64/install/m//+ros/+internal/+ros2/+custommessages/+serial_motor_demo_msgs/motorCommand.m
[7.963s] -- Installing: /home/pranav/Workspace/ITSP/rover_ws/src/matlab_msg_gen/glnxa64/install/m//+ros/+internal/+ros2/+custommessages/+serial_motor_demo_msgs/serial_motor_demo_msgs_msg_EncoderVals_1To2_Converter.m
[7.963s] -- Installing: /home/pranav/Workspace/ITSP/rover_ws/src/matlab_msg_gen/glnxa64/install/m//+ros/+internal/+ros2/+custommessages/+serial_motor_demo_msgs/serial_motor_demo_msgs_msg_MotorVels_1To2_Converter.m
[7.963s] -- Installing: /home/pranav/Workspace/ITSP/rover_ws/src/matlab_msg_gen/glnxa64/install/m//+ros/+internal/+ros2/+custommessages/+serial_motor_demo_msgs/serial_motor_demo_msgs_msg_RoverPose_1To2_Converter.m
[7.963s] -- Installing: /home/pranav/Workspace/ITSP/rover_ws/src/matlab_msg_gen/glnxa64/install/m//+ros/+internal/+ros2/+custommessages/+serial_motor_demo_msgs/serial_motor_demo_msgs_msg_MotorCommand_2To1_Converter.m
[7.963s] -- Installing: /home/pranav/Workspace/ITSP/rover_ws/src/matlab_msg_gen/glnxa64/install/share/ament_index/resource_index/package_run_dependencies/serial_motor_demo_msgs
[7.963s] -- Installing: /home/pranav/Workspace/ITSP/rover_ws/src/matlab_msg_gen/glnxa64/install/share/ament_index/resource_index/parent_prefix_path/serial_motor_demo_msgs
[7.964s] -- Installing: /home/pranav/Workspace/ITSP/rover_ws/src/matlab_msg_gen/glnxa64/install/share/serial_motor_demo_msgs/environment/ament_prefix_path.sh
[7.964s] -- Installing: /home/pranav/Workspace/ITSP/rover_ws/src/matlab_msg_gen/glnxa64/install/share/serial_motor_demo_msgs/environment/ament_prefix_path.dsv
[7.964s] -- Installing: /home/pranav/Workspace/ITSP/rover_ws/src/matlab_msg_gen/glnxa64/install/share/serial_motor_demo_msgs/environment/path.sh
[7.964s] -- Installing: /home/pranav/Workspace/ITSP/rover_ws/src/matlab_msg_gen/glnxa64/install/share/serial_motor_demo_msgs/environment/path.dsv
[7.964s] -- Installing: /home/pranav/Workspace/ITSP/rover_ws/src/matlab_msg_gen/glnxa64/install/share/serial_motor_demo_msgs/local_setup.bash
[7.964s] -- Installing: /home/pranav/Workspace/ITSP/rover_ws/src/matlab_msg_gen/glnxa64/install/share/serial_motor_demo_msgs/local_setup.sh
[7.965s] -- Installing: /home/pranav/Workspace/ITSP/rover_ws/src/matlab_msg_gen/glnxa64/install/share/serial_motor_demo_msgs/local_setup.zsh
[7.965s] -- Installing: /home/pranav/Workspace/ITSP/rover_ws/src/matlab_msg_gen/glnxa64/install/share/serial_motor_demo_msgs/local_setup.dsv
[7.965s] -- Installing: /home/pranav/Workspace/ITSP/rover_ws/src/matlab_msg_gen/glnxa64/install/share/serial_motor_demo_msgs/package.dsv
[7.965s] -- Installing: /home/pranav/Workspace/ITSP/rover_ws/src/matlab_msg_gen/glnxa64/install/share/ament_index/resource_index/packages/serial_motor_demo_msgs
[7.965s] -- Installing: /home/pranav/Workspace/ITSP/rover_ws/src/matlab_msg_gen/glnxa64/install/share/serial_motor_demo_msgs/cmake/serial_motor_demo_msgs__rosidl_generator_cExport.cmake
[7.965s] -- Installing: /home/pranav/Workspace/ITSP/rover_ws/src/matlab_msg_gen/glnxa64/install/share/serial_motor_demo_msgs/cmake/serial_motor_demo_msgs__rosidl_generator_cExport-release.cmake
[7.965s] -- Installing: /home/pranav/Workspace/ITSP/rover_ws/src/matlab_msg_gen/glnxa64/install/share/serial_motor_demo_msgs/cmake/serial_motor_demo_msgs__rosidl_typesupport_introspection_cExport.cmake
[7.966s] -- Installing: /home/pranav/Workspace/ITSP/rover_ws/src/matlab_msg_gen/glnxa64/install/share/serial_motor_demo_msgs/cmake/serial_motor_demo_msgs__rosidl_typesupport_introspection_cExport-release.cmake
[7.966s] -- Installing: /home/pranav/Workspace/ITSP/rover_ws/src/matlab_msg_gen/glnxa64/install/share/serial_motor_demo_msgs/cmake/serial_motor_demo_msgs__rosidl_typesupport_cExport.cmake
[7.966s] -- Installing: /home/pranav/Workspace/ITSP/rover_ws/src/matlab_msg_gen/glnxa64/install/share/serial_motor_demo_msgs/cmake/serial_motor_demo_msgs__rosidl_typesupport_cExport-release.cmake
[7.966s] -- Installing: /home/pranav/Workspace/ITSP/rover_ws/src/matlab_msg_gen/glnxa64/install/share/serial_motor_demo_msgs/cmake/serial_motor_demo_msgs__rosidl_generator_cppExport.cmake
[7.966s] -- Installing: /home/pranav/Workspace/ITSP/rover_ws/src/matlab_msg_gen/glnxa64/install/share/serial_motor_demo_msgs/cmake/serial_motor_demo_msgs__rosidl_typesupport_introspection_cppExport.cmake
[7.966s] -- Installing: /home/pranav/Workspace/ITSP/rover_ws/src/matlab_msg_gen/glnxa64/install/share/serial_motor_demo_msgs/cmake/serial_motor_demo_msgs__rosidl_typesupport_introspection_cppExport-release.cmake
[7.966s] -- Installing: /home/pranav/Workspace/ITSP/rover_ws/src/matlab_msg_gen/glnxa64/install/share/serial_motor_demo_msgs/cmake/serial_motor_demo_msgs__rosidl_typesupport_cppExport.cmake
[7.967s] -- Installing: /home/pranav/Workspace/ITSP/rover_ws/src/matlab_msg_gen/glnxa64/install/share/serial_motor_demo_msgs/cmake/serial_motor_demo_msgs__rosidl_typesupport_cppExport-release.cmake
[7.967s] -- Installing: /home/pranav/Workspace/ITSP/rover_ws/src/matlab_msg_gen/glnxa64/install/share/serial_motor_demo_msgs/cmake/rosidl_cmake-extras.cmake
[7.967s] -- Installing: /home/pranav/Workspace/ITSP/rover_ws/src/matlab_msg_gen/glnxa64/install/share/serial_motor_demo_msgs/cmake/ament_cmake_export_dependencies-extras.cmake
[7.967s] -- Installing: /home/pranav/Workspace/ITSP/rover_ws/src/matlab_msg_gen/glnxa64/install/share/serial_motor_demo_msgs/cmake/ament_cmake_export_libraries-extras.cmake
[7.967s] -- Installing: /home/pranav/Workspace/ITSP/rover_ws/src/matlab_msg_gen/glnxa64/install/share/serial_motor_demo_msgs/cmake/ament_cmake_export_targets-extras.cmake
[7.967s] -- Installing: /home/pranav/Workspace/ITSP/rover_ws/src/matlab_msg_gen/glnxa64/install/share/serial_motor_demo_msgs/cmake/ament_cmake_export_include_directories-extras.cmake
[7.968s] -- Installing: /home/pranav/Workspace/ITSP/rover_ws/src/matlab_msg_gen/glnxa64/install/share/serial_motor_demo_msgs/cmake/rosidl_cmake_export_typesupport_libraries-extras.cmake
[7.968s] -- Installing: /home/pranav/Workspace/ITSP/rover_ws/src/matlab_msg_gen/glnxa64/install/share/serial_motor_demo_msgs/cmake/rosidl_cmake_export_typesupport_targets-extras.cmake
[7.968s] -- Installing: /home/pranav/Workspace/ITSP/rover_ws/src/matlab_msg_gen/glnxa64/install/share/serial_motor_demo_msgs/cmake/serial_motor_demo_msgsConfig.cmake
[7.968s] -- Installing: /home/pranav/Workspace/ITSP/rover_ws/src/matlab_msg_gen/glnxa64/install/share/serial_motor_demo_msgs/cmake/serial_motor_demo_msgsConfig-version.cmake
[7.968s] -- Installing: /home/pranav/Workspace/ITSP/rover_ws/src/matlab_msg_gen/glnxa64/install/share/serial_motor_demo_msgs/package.xml
[7.971s] Invoked command in '/home/pranav/Workspace/ITSP/rover_ws/src/matlab_msg_gen/glnxa64/build/serial_motor_demo_msgs' returned '0': PS1=(venv) /usr/bin/cmake --build /home/pranav/Workspace/ITSP/rover_ws/src/matlab_msg_gen/glnxa64/build/serial_motor_demo_msgs --target install -- -j16 -l16
