[0.450s] DEBUG:colcon:Command line arguments: ['/home/humble/.matlab/R2023a/ros2/glnxa64/venv/bin/colcon', 'build', '--merge-install', '--cmake-args', '-DCMAKE_BUILD_TYPE=Release', '-DCMAKE_SHARED_LINKER_FLAGS=-Wl,-no-as-needed', '-DBUILD_TESTING=OFF', '-DALIAS_ROS2_TF2=1', '-DCMAKE_CXX_FLAGS_RELEASE=-O0', '-G', 'Ninja']
[0.450s] DEBUG:colcon:Parsed command line arguments: Namespace(log_base=None, log_level=None, verb_name='build', build_base='build', install_base='install', merge_install=True, symlink_install=False, test_result_base=None, continue_on_error=False, executor='parallel', parallel_workers=16, event_handlers=None, ignore_user_meta=False, metas=['./colcon.meta'], base_paths=['.'], packages_ignore=None, packages_ignore_regex=None, paths=None, packages_up_to=None, packages_up_to_regex=None, packages_above=None, packages_above_and_dependencies=None, packages_above_depth=None, packages_select_by_dep=None, packages_skip_by_dep=None, packages_skip_up_to=None, packages_select_build_failed=False, packages_skip_build_finished=False, packages_select_test_failures=False, packages_skip_test_passed=False, packages_select=None, packages_skip=None, packages_select_regex=None, packages_skip_regex=None, packages_start=None, packages_end=None, cmake_args=['-DCMAKE_BUILD_TYPE=Release', '-DCMAKE_SHARED_LINKER_FLAGS=-Wl,-no-as-needed', '-DBUILD_TESTING=OFF', '-DALIAS_ROS2_TF2=1', '-DCMAKE_CXX_FLAGS_RELEASE=-O0', '-G', 'Ninja'], cmake_target=None, cmake_target_skip_unavailable=False, cmake_clean_cache=False, cmake_clean_first=False, cmake_force_configure=False, ament_cmake_args=None, catkin_cmake_args=None, catkin_skip_building_tests=False, verb_parser=<colcon_defaults.argument_parser.defaults.DefaultArgumentsDecorator object at 0x7fa4708e5f40>, verb_extension=<colcon_core.verb.build.BuildVerb object at 0x7fa4709ae610>, main=<bound method BuildVerb.main of <colcon_core.verb.build.BuildVerb object at 0x7fa4709ae610>>)
[0.463s] Level 1:colcon.colcon_core.package_discovery:discover_packages(colcon_meta) check parameters
[0.463s] Level 1:colcon.colcon_core.package_discovery:discover_packages(recursive) check parameters
[0.463s] Level 1:colcon.colcon_core.package_discovery:discover_packages(ignore) check parameters
[0.463s] Level 1:colcon.colcon_core.package_discovery:discover_packages(path) check parameters
[0.463s] Level 1:colcon.colcon_core.package_discovery:discover_packages(colcon_meta) discover
[0.463s] Level 1:colcon.colcon_core.package_discovery:discover_packages(recursive) discover
[0.463s] INFO:colcon.colcon_core.package_discovery:Crawling recursively for packages in '/home/pranav/Workspace/ITSP/rover_ws/src/matlab_msg_gen/glnxa64'
[0.463s] Level 1:colcon.colcon_core.package_identification:_identify(.) by extensions ['ignore', 'ignore_ament_install']
[0.463s] Level 1:colcon.colcon_core.package_identification:_identify(.) by extension 'ignore'
[0.463s] Level 1:colcon.colcon_core.package_identification:_identify(.) by extension 'ignore_ament_install'
[0.463s] Level 1:colcon.colcon_core.package_identification:_identify(.) by extensions ['colcon_pkg']
[0.463s] Level 1:colcon.colcon_core.package_identification:_identify(.) by extension 'colcon_pkg'
[0.463s] Level 1:colcon.colcon_core.package_identification:_identify(.) by extensions ['colcon_meta']
[0.463s] Level 1:colcon.colcon_core.package_identification:_identify(.) by extension 'colcon_meta'
[0.463s] Level 1:colcon.colcon_core.package_identification:_identify(.) by extensions ['ros']
[0.463s] Level 1:colcon.colcon_core.package_identification:_identify(.) by extension 'ros'
[0.474s] Level 1:colcon.colcon_core.package_identification:_identify(.) by extensions ['cmake', 'python']
[0.474s] Level 1:colcon.colcon_core.package_identification:_identify(.) by extension 'cmake'
[0.474s] Level 1:colcon.colcon_core.package_identification:_identify(.) by extension 'python'
[0.474s] Level 1:colcon.colcon_core.package_identification:_identify(.) by extensions ['python_setup_py']
[0.474s] Level 1:colcon.colcon_core.package_identification:_identify(.) by extension 'python_setup_py'
[0.474s] Level 1:colcon.colcon_core.package_identification:_identify(build) by extensions ['ignore', 'ignore_ament_install']
[0.474s] Level 1:colcon.colcon_core.package_identification:_identify(build) by extension 'ignore'
[0.474s] Level 1:colcon.colcon_core.package_identification:_identify(build) ignored
[0.475s] Level 1:colcon.colcon_core.package_identification:_identify(install) by extensions ['ignore', 'ignore_ament_install']
[0.475s] Level 1:colcon.colcon_core.package_identification:_identify(install) by extension 'ignore'
[0.475s] Level 1:colcon.colcon_core.package_identification:_identify(install) ignored
[0.475s] Level 1:colcon.colcon_core.package_identification:_identify(log) by extensions ['ignore', 'ignore_ament_install']
[0.475s] Level 1:colcon.colcon_core.package_identification:_identify(log) by extension 'ignore'
[0.475s] Level 1:colcon.colcon_core.package_identification:_identify(log) ignored
[0.475s] Level 1:colcon.colcon_core.package_identification:_identify(src) by extensions ['ignore', 'ignore_ament_install']
[0.475s] Level 1:colcon.colcon_core.package_identification:_identify(src) by extension 'ignore'
[0.475s] Level 1:colcon.colcon_core.package_identification:_identify(src) by extension 'ignore_ament_install'
[0.475s] Level 1:colcon.colcon_core.package_identification:_identify(src) by extensions ['colcon_pkg']
[0.475s] Level 1:colcon.colcon_core.package_identification:_identify(src) by extension 'colcon_pkg'
[0.475s] Level 1:colcon.colcon_core.package_identification:_identify(src) by extensions ['colcon_meta']
[0.475s] Level 1:colcon.colcon_core.package_identification:_identify(src) by extension 'colcon_meta'
[0.475s] Level 1:colcon.colcon_core.package_identification:_identify(src) by extensions ['ros']
[0.475s] Level 1:colcon.colcon_core.package_identification:_identify(src) by extension 'ros'
[0.475s] Level 1:colcon.colcon_core.package_identification:_identify(src) by extensions ['cmake', 'python']
[0.475s] Level 1:colcon.colcon_core.package_identification:_identify(src) by extension 'cmake'
[0.475s] Level 1:colcon.colcon_core.package_identification:_identify(src) by extension 'python'
[0.475s] Level 1:colcon.colcon_core.package_identification:_identify(src) by extensions ['python_setup_py']
[0.475s] Level 1:colcon.colcon_core.package_identification:_identify(src) by extension 'python_setup_py'
[0.475s] Level 1:colcon.colcon_core.package_identification:_identify(src/serial_motor_demo_msgs) by extensions ['ignore', 'ignore_ament_install']
[0.476s] Level 1:colcon.colcon_core.package_identification:_identify(src/serial_motor_demo_msgs) by extension 'ignore'
[0.476s] Level 1:colcon.colcon_core.package_identification:_identify(src/serial_motor_demo_msgs) by extension 'ignore_ament_install'
[0.476s] Level 1:colcon.colcon_core.package_identification:_identify(src/serial_motor_demo_msgs) by extensions ['colcon_pkg']
[0.476s] Level 1:colcon.colcon_core.package_identification:_identify(src/serial_motor_demo_msgs) by extension 'colcon_pkg'
[0.476s] Level 1:colcon.colcon_core.package_identification:_identify(src/serial_motor_demo_msgs) by extensions ['colcon_meta']
[0.476s] Level 1:colcon.colcon_core.package_identification:_identify(src/serial_motor_demo_msgs) by extension 'colcon_meta'
[0.476s] Level 1:colcon.colcon_core.package_identification:_identify(src/serial_motor_demo_msgs) by extensions ['ros']
[0.476s] Level 1:colcon.colcon_core.package_identification:_identify(src/serial_motor_demo_msgs) by extension 'ros'
[0.478s] DEBUG:colcon.colcon_core.package_identification:Package 'src/serial_motor_demo_msgs' with type 'ros.ament_cmake' and name 'serial_motor_demo_msgs'
[0.478s] Level 1:colcon.colcon_core.package_discovery:discover_packages(recursive) using defaults
[0.478s] Level 1:colcon.colcon_core.package_discovery:discover_packages(ignore) discover
[0.478s] Level 1:colcon.colcon_core.package_discovery:discover_packages(ignore) using defaults
[0.478s] Level 1:colcon.colcon_core.package_discovery:discover_packages(path) discover
[0.478s] Level 1:colcon.colcon_core.package_discovery:discover_packages(path) using defaults
[0.514s] Level 5:colcon.colcon_core.verb:set package 'serial_motor_demo_msgs' build argument 'cmake_args' from command line to '['-DCMAKE_BUILD_TYPE=Release', '-DCMAKE_SHARED_LINKER_FLAGS=-Wl,-no-as-needed', '-DBUILD_TESTING=OFF', '-DALIAS_ROS2_TF2=1', '-DCMAKE_CXX_FLAGS_RELEASE=-O0', '-G', 'Ninja']'
[0.514s] Level 5:colcon.colcon_core.verb:set package 'serial_motor_demo_msgs' build argument 'cmake_target' from command line to 'None'
[0.514s] Level 5:colcon.colcon_core.verb:set package 'serial_motor_demo_msgs' build argument 'cmake_target_skip_unavailable' from command line to 'False'
[0.514s] Level 5:colcon.colcon_core.verb:set package 'serial_motor_demo_msgs' build argument 'cmake_clean_cache' from command line to 'False'
[0.514s] Level 5:colcon.colcon_core.verb:set package 'serial_motor_demo_msgs' build argument 'cmake_clean_first' from command line to 'False'
[0.514s] Level 5:colcon.colcon_core.verb:set package 'serial_motor_demo_msgs' build argument 'cmake_force_configure' from command line to 'False'
[0.514s] Level 5:colcon.colcon_core.verb:set package 'serial_motor_demo_msgs' build argument 'ament_cmake_args' from command line to 'None'
[0.514s] Level 5:colcon.colcon_core.verb:set package 'serial_motor_demo_msgs' build argument 'catkin_cmake_args' from command line to 'None'
[0.515s] Level 5:colcon.colcon_core.verb:set package 'serial_motor_demo_msgs' build argument 'catkin_skip_building_tests' from command line to 'False'
[0.515s] DEBUG:colcon.colcon_core.verb:Building package 'serial_motor_demo_msgs' with the following arguments: {'ament_cmake_args': None, 'build_base': '/home/pranav/Workspace/ITSP/rover_ws/src/matlab_msg_gen/glnxa64/build/serial_motor_demo_msgs', 'catkin_cmake_args': None, 'catkin_skip_building_tests': False, 'cmake_args': ['-DCMAKE_BUILD_TYPE=Release', '-DCMAKE_SHARED_LINKER_FLAGS=-Wl,-no-as-needed', '-DBUILD_TESTING=OFF', '-DALIAS_ROS2_TF2=1', '-DCMAKE_CXX_FLAGS_RELEASE=-O0', '-G', 'Ninja'], 'cmake_clean_cache': False, 'cmake_clean_first': False, 'cmake_force_configure': False, 'cmake_target': None, 'cmake_target_skip_unavailable': False, 'install_base': '/home/pranav/Workspace/ITSP/rover_ws/src/matlab_msg_gen/glnxa64/install', 'merge_install': True, 'path': '/home/pranav/Workspace/ITSP/rover_ws/src/matlab_msg_gen/glnxa64/src/serial_motor_demo_msgs', 'symlink_install': False, 'test_result_base': None}
[0.516s] INFO:colcon.colcon_core.executor:Executing jobs using 'parallel' executor
[0.526s] DEBUG:colcon.colcon_parallel_executor.executor.parallel:run_until_complete
[0.526s] INFO:colcon.colcon_ros.task.ament_cmake.build:Building ROS package in '/home/pranav/Workspace/ITSP/rover_ws/src/matlab_msg_gen/glnxa64/src/serial_motor_demo_msgs' with build type 'ament_cmake'
[0.527s] INFO:colcon.colcon_cmake.task.cmake.build:Building CMake package in '/home/pranav/Workspace/ITSP/rover_ws/src/matlab_msg_gen/glnxa64/src/serial_motor_demo_msgs'
[0.534s] INFO:colcon.colcon_core.plugin_system:Skipping extension 'colcon_core.shell.bat': Not used on non-Windows systems
[0.535s] INFO:colcon.colcon_core.shell:Skip shell extension 'powershell' for command environment: Not usable outside of PowerShell
[0.535s] DEBUG:colcon.colcon_core.shell:Skip shell extension 'dsv' for command environment
[0.548s] DEBUG:colcon.colcon_core.event_handler.log_command:Invoking command in '/home/pranav/Workspace/ITSP/rover_ws/src/matlab_msg_gen/glnxa64/build/serial_motor_demo_msgs': PS1=(venv) /usr/bin/cmake /home/pranav/Workspace/ITSP/rover_ws/src/matlab_msg_gen/glnxa64/src/serial_motor_demo_msgs -DCMAKE_BUILD_TYPE=Release -DCMAKE_SHARED_LINKER_FLAGS=-Wl,-no-as-needed -DBUILD_TESTING=OFF -DALIAS_ROS2_TF2=1 -DCMAKE_CXX_FLAGS_RELEASE=-O0 -G Ninja -DCMAKE_INSTALL_PREFIX=/home/pranav/Workspace/ITSP/rover_ws/src/matlab_msg_gen/glnxa64/install
[1.440s] DEBUG:colcon.colcon_core.event_handler.log_command:Invoked command in '/home/pranav/Workspace/ITSP/rover_ws/src/matlab_msg_gen/glnxa64/build/serial_motor_demo_msgs' returned '0': PS1=(venv) /usr/bin/cmake /home/pranav/Workspace/ITSP/rover_ws/src/matlab_msg_gen/glnxa64/src/serial_motor_demo_msgs -DCMAKE_BUILD_TYPE=Release -DCMAKE_SHARED_LINKER_FLAGS=-Wl,-no-as-needed -DBUILD_TESTING=OFF -DALIAS_ROS2_TF2=1 -DCMAKE_CXX_FLAGS_RELEASE=-O0 -G Ninja -DCMAKE_INSTALL_PREFIX=/home/pranav/Workspace/ITSP/rover_ws/src/matlab_msg_gen/glnxa64/install
[1.442s] DEBUG:colcon.colcon_core.event_handler.log_command:Invoking command in '/home/pranav/Workspace/ITSP/rover_ws/src/matlab_msg_gen/glnxa64/build/serial_motor_demo_msgs': PS1=(venv) /usr/bin/cmake --build /home/pranav/Workspace/ITSP/rover_ws/src/matlab_msg_gen/glnxa64/build/serial_motor_demo_msgs -- -j16 -l16
[8.425s] DEBUG:colcon.colcon_core.event_handler.log_command:Invoked command in '/home/pranav/Workspace/ITSP/rover_ws/src/matlab_msg_gen/glnxa64/build/serial_motor_demo_msgs' returned '0': PS1=(venv) /usr/bin/cmake --build /home/pranav/Workspace/ITSP/rover_ws/src/matlab_msg_gen/glnxa64/build/serial_motor_demo_msgs -- -j16 -l16
[8.446s] WARNING:colcon.colcon_cmake.task.cmake.build:Unable to determine CMake version, building the installtarget instead of invoking 'cmake --install'
[8.447s] DEBUG:colcon.colcon_core.event_handler.log_command:Invoking command in '/home/pranav/Workspace/ITSP/rover_ws/src/matlab_msg_gen/glnxa64/build/serial_motor_demo_msgs': PS1=(venv) /usr/bin/cmake --build /home/pranav/Workspace/ITSP/rover_ws/src/matlab_msg_gen/glnxa64/build/serial_motor_demo_msgs --target install -- -j16 -l16
[8.497s] Level 1:colcon.colcon_core.environment:create_environment_scripts_only(serial_motor_demo_msgs)
[8.498s] DEBUG:colcon.colcon_core.event_handler.log_command:Invoked command in '/home/pranav/Workspace/ITSP/rover_ws/src/matlab_msg_gen/glnxa64/build/serial_motor_demo_msgs' returned '0': PS1=(venv) /usr/bin/cmake --build /home/pranav/Workspace/ITSP/rover_ws/src/matlab_msg_gen/glnxa64/build/serial_motor_demo_msgs --target install -- -j16 -l16
[8.505s] Level 1:colcon.colcon_core.environment:checking '/home/pranav/Workspace/ITSP/rover_ws/src/matlab_msg_gen/glnxa64/install' for CMake module files
[8.506s] Level 1:colcon.colcon_core.environment:checking '/home/pranav/Workspace/ITSP/rover_ws/src/matlab_msg_gen/glnxa64/install' for CMake config files
[8.506s] Level 1:colcon.colcon_core.shell:create_environment_hook('serial_motor_demo_msgs', 'cmake_prefix_path')
[8.510s] INFO:colcon.colcon_core.shell:Creating environment hook '/home/pranav/Workspace/ITSP/rover_ws/src/matlab_msg_gen/glnxa64/install/share/serial_motor_demo_msgs/hook/cmake_prefix_path.ps1'
[8.510s] INFO:colcon.colcon_core.shell:Creating environment descriptor '/home/pranav/Workspace/ITSP/rover_ws/src/matlab_msg_gen/glnxa64/install/share/serial_motor_demo_msgs/hook/cmake_prefix_path.dsv'
[8.511s] INFO:colcon.colcon_core.shell:Creating environment hook '/home/pranav/Workspace/ITSP/rover_ws/src/matlab_msg_gen/glnxa64/install/share/serial_motor_demo_msgs/hook/cmake_prefix_path.sh'
[8.511s] Level 1:colcon.colcon_core.environment:checking '/home/pranav/Workspace/ITSP/rover_ws/src/matlab_msg_gen/glnxa64/install/lib'
[8.512s] Level 1:colcon.colcon_core.shell:create_environment_hook('serial_motor_demo_msgs', 'ld_library_path_lib')
[8.515s] INFO:colcon.colcon_core.shell:Creating environment hook '/home/pranav/Workspace/ITSP/rover_ws/src/matlab_msg_gen/glnxa64/install/share/serial_motor_demo_msgs/hook/ld_library_path_lib.ps1'
[8.515s] INFO:colcon.colcon_core.shell:Creating environment descriptor '/home/pranav/Workspace/ITSP/rover_ws/src/matlab_msg_gen/glnxa64/install/share/serial_motor_demo_msgs/hook/ld_library_path_lib.dsv'
[8.516s] INFO:colcon.colcon_core.shell:Creating environment hook '/home/pranav/Workspace/ITSP/rover_ws/src/matlab_msg_gen/glnxa64/install/share/serial_motor_demo_msgs/hook/ld_library_path_lib.sh'
[8.516s] Level 1:colcon.colcon_core.environment:checking '/home/pranav/Workspace/ITSP/rover_ws/src/matlab_msg_gen/glnxa64/install/bin'
[8.516s] Level 1:colcon.colcon_core.environment:checking '/home/pranav/Workspace/ITSP/rover_ws/src/matlab_msg_gen/glnxa64/install/lib/pkgconfig/serial_motor_demo_msgs.pc'
[8.516s] Level 1:colcon.colcon_core.environment:checking '/home/pranav/Workspace/ITSP/rover_ws/src/matlab_msg_gen/glnxa64/install/lib/python3.9/site-packages'
[8.520s] INFO:colcon.colcon_core.shell:Creating package script '/home/pranav/Workspace/ITSP/rover_ws/src/matlab_msg_gen/glnxa64/install/share/serial_motor_demo_msgs/package.ps1'
[8.520s] INFO:colcon.colcon_core.shell:Creating package descriptor '/home/pranav/Workspace/ITSP/rover_ws/src/matlab_msg_gen/glnxa64/install/share/serial_motor_demo_msgs/package.dsv'
[8.521s] INFO:colcon.colcon_core.shell:Creating package script '/home/pranav/Workspace/ITSP/rover_ws/src/matlab_msg_gen/glnxa64/install/share/serial_motor_demo_msgs/package.sh'
[8.521s] INFO:colcon.colcon_core.shell:Creating package script '/home/pranav/Workspace/ITSP/rover_ws/src/matlab_msg_gen/glnxa64/install/share/serial_motor_demo_msgs/package.bash'
[8.522s] INFO:colcon.colcon_core.shell:Creating package script '/home/pranav/Workspace/ITSP/rover_ws/src/matlab_msg_gen/glnxa64/install/share/serial_motor_demo_msgs/package.zsh'
[8.522s] Level 1:colcon.colcon_core.environment:create_file_with_runtime_dependencies(/home/pranav/Workspace/ITSP/rover_ws/src/matlab_msg_gen/glnxa64/install/share/colcon-core/packages/serial_motor_demo_msgs)
[8.540s] Level 1:colcon.colcon_core.environment:create_environment_scripts_only(serial_motor_demo_msgs)
[8.544s] Level 1:colcon.colcon_core.environment:checking '/home/pranav/Workspace/ITSP/rover_ws/src/matlab_msg_gen/glnxa64/install' for CMake module files
[8.544s] Level 1:colcon.colcon_core.environment:checking '/home/pranav/Workspace/ITSP/rover_ws/src/matlab_msg_gen/glnxa64/install' for CMake config files
[8.544s] Level 1:colcon.colcon_core.shell:create_environment_hook('serial_motor_demo_msgs', 'cmake_prefix_path')
[8.548s] INFO:colcon.colcon_core.shell:Creating environment hook '/home/pranav/Workspace/ITSP/rover_ws/src/matlab_msg_gen/glnxa64/install/share/serial_motor_demo_msgs/hook/cmake_prefix_path.ps1'
[8.549s] INFO:colcon.colcon_core.shell:Creating environment descriptor '/home/pranav/Workspace/ITSP/rover_ws/src/matlab_msg_gen/glnxa64/install/share/serial_motor_demo_msgs/hook/cmake_prefix_path.dsv'
[8.549s] INFO:colcon.colcon_core.shell:Creating environment hook '/home/pranav/Workspace/ITSP/rover_ws/src/matlab_msg_gen/glnxa64/install/share/serial_motor_demo_msgs/hook/cmake_prefix_path.sh'
[8.549s] Level 1:colcon.colcon_core.environment:checking '/home/pranav/Workspace/ITSP/rover_ws/src/matlab_msg_gen/glnxa64/install/lib'
[8.549s] Level 1:colcon.colcon_core.shell:create_environment_hook('serial_motor_demo_msgs', 'ld_library_path_lib')
[8.553s] INFO:colcon.colcon_core.shell:Creating environment hook '/home/pranav/Workspace/ITSP/rover_ws/src/matlab_msg_gen/glnxa64/install/share/serial_motor_demo_msgs/hook/ld_library_path_lib.ps1'
[8.553s] INFO:colcon.colcon_core.shell:Creating environment descriptor '/home/pranav/Workspace/ITSP/rover_ws/src/matlab_msg_gen/glnxa64/install/share/serial_motor_demo_msgs/hook/ld_library_path_lib.dsv'
[8.553s] INFO:colcon.colcon_core.shell:Creating environment hook '/home/pranav/Workspace/ITSP/rover_ws/src/matlab_msg_gen/glnxa64/install/share/serial_motor_demo_msgs/hook/ld_library_path_lib.sh'
[8.554s] Level 1:colcon.colcon_core.environment:checking '/home/pranav/Workspace/ITSP/rover_ws/src/matlab_msg_gen/glnxa64/install/bin'
[8.554s] Level 1:colcon.colcon_core.environment:checking '/home/pranav/Workspace/ITSP/rover_ws/src/matlab_msg_gen/glnxa64/install/lib/pkgconfig/serial_motor_demo_msgs.pc'
[8.554s] Level 1:colcon.colcon_core.environment:checking '/home/pranav/Workspace/ITSP/rover_ws/src/matlab_msg_gen/glnxa64/install/lib/python3.9/site-packages'
[8.557s] INFO:colcon.colcon_core.shell:Creating package script '/home/pranav/Workspace/ITSP/rover_ws/src/matlab_msg_gen/glnxa64/install/share/serial_motor_demo_msgs/package.ps1'
[8.558s] INFO:colcon.colcon_core.shell:Creating package descriptor '/home/pranav/Workspace/ITSP/rover_ws/src/matlab_msg_gen/glnxa64/install/share/serial_motor_demo_msgs/package.dsv'
[8.558s] INFO:colcon.colcon_core.shell:Creating package script '/home/pranav/Workspace/ITSP/rover_ws/src/matlab_msg_gen/glnxa64/install/share/serial_motor_demo_msgs/package.sh'
[8.558s] INFO:colcon.colcon_core.shell:Creating package script '/home/pranav/Workspace/ITSP/rover_ws/src/matlab_msg_gen/glnxa64/install/share/serial_motor_demo_msgs/package.bash'
[8.559s] INFO:colcon.colcon_core.shell:Creating package script '/home/pranav/Workspace/ITSP/rover_ws/src/matlab_msg_gen/glnxa64/install/share/serial_motor_demo_msgs/package.zsh'
[8.559s] Level 1:colcon.colcon_core.environment:create_file_with_runtime_dependencies(/home/pranav/Workspace/ITSP/rover_ws/src/matlab_msg_gen/glnxa64/install/share/colcon-core/packages/serial_motor_demo_msgs)
[8.559s] DEBUG:colcon.colcon_parallel_executor.executor.parallel:closing loop
[8.559s] DEBUG:colcon.colcon_parallel_executor.executor.parallel:loop closed
[8.560s] DEBUG:colcon.colcon_parallel_executor.executor.parallel:run_until_complete finished with '0'
[8.560s] DEBUG:colcon.colcon_core.event_reactor:joining thread
[8.565s] INFO:colcon.colcon_core.plugin_system:Skipping extension 'colcon_notification.desktop_notification.notify2': 'notify2' not found
[8.565s] INFO:colcon.colcon_core.plugin_system:Skipping extension 'colcon_notification.desktop_notification.notify_send': Could not find 'notify-send'
[8.565s] INFO:colcon.colcon_core.plugin_system:Skipping extension 'colcon_notification.desktop_notification.terminal_notifier': Not used on non-Darwin systems
[8.565s] INFO:colcon.colcon_core.plugin_system:Skipping extension 'colcon_notification.desktop_notification.win32': Not used on non-Windows systems
[8.565s] DEBUG:colcon.colcon_core.event_reactor:joined thread
[8.569s] INFO:colcon.colcon_core.shell:Creating prefix script '/home/pranav/Workspace/ITSP/rover_ws/src/matlab_msg_gen/glnxa64/install/local_setup.ps1'
[8.569s] INFO:colcon.colcon_core.shell:Creating prefix util module '/home/pranav/Workspace/ITSP/rover_ws/src/matlab_msg_gen/glnxa64/install/_local_setup_util_ps1.py'
[8.570s] INFO:colcon.colcon_core.shell:Creating prefix chain script '/home/pranav/Workspace/ITSP/rover_ws/src/matlab_msg_gen/glnxa64/install/setup.ps1'
[8.574s] INFO:colcon.colcon_core.shell:Creating prefix script '/home/pranav/Workspace/ITSP/rover_ws/src/matlab_msg_gen/glnxa64/install/local_setup.sh'
[8.574s] INFO:colcon.colcon_core.shell:Creating prefix util module '/home/pranav/Workspace/ITSP/rover_ws/src/matlab_msg_gen/glnxa64/install/_local_setup_util_sh.py'
[8.574s] INFO:colcon.colcon_core.shell:Creating prefix chain script '/home/pranav/Workspace/ITSP/rover_ws/src/matlab_msg_gen/glnxa64/install/setup.sh'
[8.578s] INFO:colcon.colcon_core.shell:Creating prefix script '/home/pranav/Workspace/ITSP/rover_ws/src/matlab_msg_gen/glnxa64/install/local_setup.bash'
[8.578s] INFO:colcon.colcon_core.shell:Creating prefix chain script '/home/pranav/Workspace/ITSP/rover_ws/src/matlab_msg_gen/glnxa64/install/setup.bash'
[8.581s] INFO:colcon.colcon_core.shell:Creating prefix script '/home/pranav/Workspace/ITSP/rover_ws/src/matlab_msg_gen/glnxa64/install/local_setup.zsh'
[8.582s] INFO:colcon.colcon_core.shell:Creating prefix chain script '/home/pranav/Workspace/ITSP/rover_ws/src/matlab_msg_gen/glnxa64/install/setup.zsh'
